[debug] [2020-03-19T12:35:38.776Z] ----------------------------------------------------------------------
[debug] [2020-03-19T12:35:38.778Z] Command:       /usr/local/bin/node /Users/pierre/Repositories/dixitonline/node_modules/.bin/firebase emulators:start --only functions,firestore
[debug] [2020-03-19T12:35:38.778Z] CLI Version:   7.15.1
[debug] [2020-03-19T12:35:38.778Z] Platform:      darwin
[debug] [2020-03-19T12:35:38.778Z] Node Version:  v10.18.1
[debug] [2020-03-19T12:35:38.779Z] Time:          Thu Mar 19 2020 13:35:38 GMT+0100 (GMT+01:00)
[debug] [2020-03-19T12:35:38.779Z] ----------------------------------------------------------------------
[debug] [2020-03-19T12:35:38.779Z] 
[debug] [2020-03-19T12:35:38.789Z] > command requires scopes: ["email","openid","https://www.googleapis.com/auth/cloudplatformprojects.readonly","https://www.googleapis.com/auth/firebase","https://www.googleapis.com/auth/cloud-platform"]
[debug] [2020-03-19T12:35:38.790Z] > authorizing via signed-in user
[info] i  emulators: Starting emulators: functions, firestore
[warn] ⚠  emulators: emulator hub unable to start on port 4400, starting on 4401
[debug] [2020-03-19T12:35:38.861Z] [hub] writing locator at /var/folders/d2/7ccr_nkj4717rymkbdlqvdhw0000gn/T/hub-dixit-af060.json
[info] ✔  hub: emulator hub started at http://localhost:4401
[info] ✔  functions: Using node@10 from host.
[info] ✔  functions: functions emulator started at http://localhost:5001
[warn] ⚠  firestore: The emulator will default to allowing all reads and writes. Learn more about this option: https://firebase.google.com/docs/emulator-suite/install_and_configure#security_rules_configuration.
[info] i  firestore: Serving ALL traffic (including WebChannel) on http://localhost:8080
[warn] ⚠  firestore: Support for WebChannel on a separate port (8081) is DEPRECATED and will go away soon. Please use port above instead.
[debug] [2020-03-19T12:35:39.014Z] Ignoring unsupported arg: projectId
[debug] [2020-03-19T12:35:39.014Z] Ignoring unsupported arg: auto_download
[debug] [2020-03-19T12:35:39.014Z] Starting firestore emulator with command {"binary":"java","args":["-Duser.language=en","-jar","/Users/pierre/.cache/firebase/emulators/cloud-firestore-emulator-v1.11.1.jar","--host","localhost","--port",8080,"--rules","/Users/pierre/Repositories/dixitonline/firestore.rules","--functions_emulator","localhost:5001","--webchannel_port",8081],"optionalArgs":["port","webchannel_port","host","rules","functions_emulator","seed_from_export"],"joinArgs":false}
[info] i  firestore: firestore emulator logging to firestore-debug.log
[debug] [2020-03-19T12:35:40.359Z] API endpoint: http://localhost:
[debug] [2020-03-19T12:35:40.359Z] 8080
If you are using a library that supports the FIRESTORE_EMULATOR_HOST environment variable, run:

   export FIRESTORE_EMULATOR_HOST=localhost:8080

Dev App Server is now running.


[info] ✔  firestore: firestore emulator started at http://localhost:8080
[info] i  firestore: For testing set FIRESTORE_EMULATOR_HOST=localhost:8080
[info] i  functions: Watching "/Users/pierre/Repositories/dixitonline/functions" for Cloud Functions...
[debug] [2020-03-19T12:35:40.566Z] [worker-pool] addWorker(~diagnostic~)
[debug] [2020-03-19T12:35:40.566Z] [worker-pool] Adding worker with key ~diagnostic~, total=1
[debug] [2020-03-19T12:35:40.567Z] [worker-pool] submitWork(triggerId=)
[debug] [2020-03-19T12:35:40.567Z] [worker-~diagnostic~-0d56bca4-5423-45c9-8971-1ffd3ca262e5]: Assigning socketPath: /var/folders/d2/7ccr_nkj4717rymkbdlqvdhw0000gn/T/fire_emu_48681.sock
[debug] [2020-03-19T12:35:40.568Z] [worker-~diagnostic~-0d56bca4-5423-45c9-8971-1ffd3ca262e5]: BUSY
[debug] [2020-03-19T12:35:40.869Z] [runtime-status] [48681] Functions runtime initialized. {"cwd":"/Users/pierre/Repositories/dixitonline/functions","node_version":"10.18.1"}
[debug] [2020-03-19T12:35:40.871Z] [runtime-status] [48681] Disabled runtime features: undefined
[debug] [2020-03-19T12:35:40.874Z] [runtime-status] [48681] Resolved module firebase-admin {"declared":true,"installed":true,"version":"8.10.0","resolution":"/Users/pierre/Repositories/dixitonline/functions/node_modules/firebase-admin/lib/index.js"}
[debug] [2020-03-19T12:35:40.875Z] [runtime-status] [48681] Resolved module firebase-functions {"declared":true,"installed":true,"version":"3.3.0","resolution":"/Users/pierre/Repositories/dixitonline/functions/node_modules/firebase-functions/lib/index.js"}
[debug] [2020-03-19T12:35:41.055Z] [runtime-status] [48681] Found google-gax at /Users/pierre/Repositories/dixitonline/functions/node_modules/google-gax/build/src/index.js
[debug] [2020-03-19T12:35:41.055Z] [runtime-status] [48681] Outgoing network have been stubbed. [{"name":"http","status":"mocked"},{"name":"http","status":"mocked"},{"name":"https","status":"mocked"},{"name":"https","status":"mocked"},{"name":"net","status":"mocked"},{"name":"google-gax","status":"mocked"}]
[debug] [2020-03-19T12:35:41.093Z] [runtime-status] [48681] Checked functions.config() {"config":{}}
[debug] [2020-03-19T12:35:41.094Z] [runtime-status] [48681] Resolved module firebase-functions {"declared":true,"installed":true,"version":"3.3.0","resolution":"/Users/pierre/Repositories/dixitonline/functions/node_modules/firebase-functions/lib/index.js"}
[debug] [2020-03-19T12:35:41.095Z] [runtime-status] [48681] Resolved module firebase-admin {"declared":true,"installed":true,"version":"8.10.0","resolution":"/Users/pierre/Repositories/dixitonline/functions/node_modules/firebase-admin/lib/index.js"}
[debug] [2020-03-19T12:35:41.095Z] [runtime-status] [48681] Resolved module firebase-functions {"declared":true,"installed":true,"version":"3.3.0","resolution":"/Users/pierre/Repositories/dixitonline/functions/node_modules/firebase-functions/lib/index.js"}
[debug] [2020-03-19T12:35:41.132Z] [runtime-status] [48681] firebase-admin has been stubbed. {"adminResolution":{"declared":true,"installed":true,"version":"8.10.0","resolution":"/Users/pierre/Repositories/dixitonline/functions/node_modules/firebase-admin/lib/index.js"}}
[debug] [2020-03-19T12:35:41.222Z] [work-queue] {"queueLength":1,"workRunningCount":0}
[debug] [2020-03-19T12:35:41.222Z] [work-queue] {"queueLength":0,"workRunningCount":1}
[debug] [2020-03-19T12:35:41.222Z] Accepted request POST /dixit-af060/us-central1/api/graphql --> api
[debug] [2020-03-19T12:35:41.226Z] [worker-pool] addWorker(api)
[debug] [2020-03-19T12:35:41.226Z] [worker-pool] Adding worker with key api, total=1
[debug] [2020-03-19T12:35:41.226Z] [worker-pool] submitWork(triggerId=api)
[debug] [2020-03-19T12:35:41.226Z] [worker-api-fca98115-25d6-4cea-90f4-48f0ec247dfc]: Assigning socketPath: /var/folders/d2/7ccr_nkj4717rymkbdlqvdhw0000gn/T/fire_emu_48682.sock
[debug] [2020-03-19T12:35:41.226Z] [worker-api-fca98115-25d6-4cea-90f4-48f0ec247dfc]: BUSY
[debug] [2020-03-19T12:35:41.483Z] [runtime-status] [48681] initializeApp(DEFAULT) {"databaseURL":"https://dixit-af060.firebaseio.com","storageBucket":"dixit-af060.appspot.com","projectId":"dixit-af060"}
[debug] [2020-03-19T12:35:41.512Z] [runtime-status] [48682] Functions runtime initialized. {"cwd":"/Users/pierre/Repositories/dixitonline/functions","node_version":"10.18.1"}
[debug] [2020-03-19T12:35:41.515Z] [runtime-status] [48682] Disabled runtime features: undefined
[debug] [2020-03-19T12:35:41.518Z] [runtime-status] [48682] Resolved module firebase-admin {"declared":true,"installed":true,"version":"8.10.0","resolution":"/Users/pierre/Repositories/dixitonline/functions/node_modules/firebase-admin/lib/index.js"}
[debug] [2020-03-19T12:35:41.520Z] [runtime-status] [48682] Resolved module firebase-functions {"declared":true,"installed":true,"version":"3.3.0","resolution":"/Users/pierre/Repositories/dixitonline/functions/node_modules/firebase-functions/lib/index.js"}
[debug] [2020-03-19T12:35:41.543Z] [set-firestore-settings]  {"projectId":"dixit-af060","port":8080,"servicePath":"localhost","service":"firestore.googleapis.com","sslCreds":{"callCredentials":{}},"customHeaders":{"Authorization":"Bearer owner"}}
[info] ✔  functions[api]: http function initialized (http://localhost:5001/dixit-af060/us-central1/api).
[info] ✔  emulators: All emulators started, it is now safe to connect.
[debug] [2020-03-19T12:35:41.574Z] [worker-~diagnostic~-0d56bca4-5423-45c9-8971-1ffd3ca262e5]: IDLE
[debug] [2020-03-19T12:35:41.691Z] [runtime-status] [48682] Found google-gax at /Users/pierre/Repositories/dixitonline/functions/node_modules/google-gax/build/src/index.js
[debug] [2020-03-19T12:35:41.692Z] [runtime-status] [48682] Outgoing network have been stubbed. [{"name":"http","status":"mocked"},{"name":"http","status":"mocked"},{"name":"https","status":"mocked"},{"name":"https","status":"mocked"},{"name":"net","status":"mocked"},{"name":"google-gax","status":"mocked"}]
[debug] [2020-03-19T12:35:41.727Z] [runtime-status] [48682] Checked functions.config() {"config":{}}
[debug] [2020-03-19T12:35:41.728Z] [runtime-status] [48682] Resolved module firebase-functions {"declared":true,"installed":true,"version":"3.3.0","resolution":"/Users/pierre/Repositories/dixitonline/functions/node_modules/firebase-functions/lib/index.js"}
[debug] [2020-03-19T12:35:41.729Z] [runtime-status] [48682] Resolved module firebase-admin {"declared":true,"installed":true,"version":"8.10.0","resolution":"/Users/pierre/Repositories/dixitonline/functions/node_modules/firebase-admin/lib/index.js"}
[debug] [2020-03-19T12:35:41.729Z] [runtime-status] [48682] Resolved module firebase-functions {"declared":true,"installed":true,"version":"3.3.0","resolution":"/Users/pierre/Repositories/dixitonline/functions/node_modules/firebase-functions/lib/index.js"}
[debug] [2020-03-19T12:35:41.759Z] [runtime-status] [48682] firebase-admin has been stubbed. {"adminResolution":{"declared":true,"installed":true,"version":"8.10.0","resolution":"/Users/pierre/Repositories/dixitonline/functions/node_modules/firebase-admin/lib/index.js"}}
[debug] [2020-03-19T12:35:42.162Z] [runtime-status] [48682] initializeApp(DEFAULT) {"databaseURL":"https://dixit-af060.firebaseio.com","storageBucket":"dixit-af060.appspot.com","projectId":"dixit-af060"}
[debug] [2020-03-19T12:35:42.228Z] [set-firestore-settings]  {"projectId":"dixit-af060","port":8080,"servicePath":"localhost","service":"firestore.googleapis.com","sslCreds":{"callCredentials":{}},"customHeaders":{"Authorization":"Bearer owner"}}
[debug] [2020-03-19T12:35:42.257Z] [runtime-status] [48682] Trigger "api" has been found, beginning invocation!
[info] i  functions: Beginning execution of "api"
[debug] [2020-03-19T12:35:42.258Z] [runtime-status] [48682] triggerDefinition {"httpsTrigger":{},"name":"api","entryPoint":"api"}
[debug] [2020-03-19T12:35:42.258Z] [runtime-status] [48682] Running api in mode HTTPS
[debug] [2020-03-19T12:35:42.261Z] [runtime-status] [48682] Attempting to listen to socketPath: /var/folders/d2/7ccr_nkj4717rymkbdlqvdhw0000gn/T/fire_emu_48682.sock
[debug] [2020-03-19T12:35:42.264Z] [functions] Runtime ready! Sending request!
[debug] [2020-03-19T12:35:42.294Z] [runtime-status] [48682] Ephemeral server handling POST request
[debug] [2020-03-19T12:35:42.299Z] [runtime-status] [48682] Ephemeral server survived.
[info] i  functions: Finished "api" in ~1s
[debug] [2020-03-19T12:35:42.324Z] [worker-api-fca98115-25d6-4cea-90f4-48f0ec247dfc]: IDLE
[debug] [2020-03-19T12:35:42.324Z] [work-queue] {"queueLength":0,"workRunningCount":0}
[debug] [2020-03-19T12:35:44.340Z] [work-queue] {"queueLength":1,"workRunningCount":0}
[debug] [2020-03-19T12:35:44.340Z] [work-queue] {"queueLength":0,"workRunningCount":1}
[debug] [2020-03-19T12:35:44.340Z] Accepted request POST /dixit-af060/us-central1/api/graphql --> api
[debug] [2020-03-19T12:35:44.340Z] [worker-pool] submitWork(triggerId=api)
[debug] [2020-03-19T12:35:44.340Z] [worker-api-fca98115-25d6-4cea-90f4-48f0ec247dfc]: Assigning socketPath: /var/folders/d2/7ccr_nkj4717rymkbdlqvdhw0000gn/T/fire_emu_48682.sock
[debug] [2020-03-19T12:35:44.340Z] [worker-api-fca98115-25d6-4cea-90f4-48f0ec247dfc]: BUSY
[debug] [2020-03-19T12:35:44.341Z] [runtime-status] [48682] Trigger "api" has been found, beginning invocation!
[info] i  functions: Beginning execution of "api"
[debug] [2020-03-19T12:35:44.342Z] [runtime-status] [48682] triggerDefinition {"httpsTrigger":{},"name":"api","entryPoint":"api"}
[debug] [2020-03-19T12:35:44.342Z] [runtime-status] [48682] Running api in mode HTTPS
[debug] [2020-03-19T12:35:44.342Z] [runtime-status] [48682] Attempting to listen to socketPath: /var/folders/d2/7ccr_nkj4717rymkbdlqvdhw0000gn/T/fire_emu_48682.sock
[debug] [2020-03-19T12:35:44.343Z] [functions] Runtime ready! Sending request!
[debug] [2020-03-19T12:35:44.346Z] [runtime-status] [48682] Ephemeral server handling POST request
[debug] [2020-03-19T12:35:44.347Z] [runtime-status] [48682] Ephemeral server survived.
[info] i  functions: Finished "api" in ~1s
[debug] [2020-03-19T12:35:44.356Z] [worker-api-fca98115-25d6-4cea-90f4-48f0ec247dfc]: IDLE
[debug] [2020-03-19T12:35:44.356Z] [work-queue] {"queueLength":0,"workRunningCount":0}
[debug] [2020-03-19T12:35:46.362Z] [work-queue] {"queueLength":1,"workRunningCount":0}
[debug] [2020-03-19T12:35:46.362Z] [work-queue] {"queueLength":0,"workRunningCount":1}
[debug] [2020-03-19T12:35:46.362Z] Accepted request POST /dixit-af060/us-central1/api/graphql --> api
[debug] [2020-03-19T12:35:46.362Z] [worker-pool] submitWork(triggerId=api)
[debug] [2020-03-19T12:35:46.362Z] [worker-api-fca98115-25d6-4cea-90f4-48f0ec247dfc]: Assigning socketPath: /var/folders/d2/7ccr_nkj4717rymkbdlqvdhw0000gn/T/fire_emu_48682.sock
[debug] [2020-03-19T12:35:46.363Z] [worker-api-fca98115-25d6-4cea-90f4-48f0ec247dfc]: BUSY
[debug] [2020-03-19T12:35:46.363Z] [runtime-status] [48682] Trigger "api" has been found, beginning invocation!
[info] i  functions: Beginning execution of "api"
[debug] [2020-03-19T12:35:46.363Z] [runtime-status] [48682] triggerDefinition {"httpsTrigger":{},"name":"api","entryPoint":"api"}
[debug] [2020-03-19T12:35:46.363Z] [runtime-status] [48682] Running api in mode HTTPS
[debug] [2020-03-19T12:35:46.363Z] [runtime-status] [48682] Attempting to listen to socketPath: /var/folders/d2/7ccr_nkj4717rymkbdlqvdhw0000gn/T/fire_emu_48682.sock
[debug] [2020-03-19T12:35:46.364Z] [functions] Runtime ready! Sending request!
[debug] [2020-03-19T12:35:46.366Z] [runtime-status] [48682] Ephemeral server handling POST request
[debug] [2020-03-19T12:35:46.367Z] [runtime-status] [48682] Ephemeral server survived.
[info] i  functions: Finished "api" in ~1s
[debug] [2020-03-19T12:35:46.374Z] [worker-api-fca98115-25d6-4cea-90f4-48f0ec247dfc]: IDLE
[debug] [2020-03-19T12:35:46.374Z] [work-queue] {"queueLength":0,"workRunningCount":0}
[debug] [2020-03-19T12:35:48.380Z] [work-queue] {"queueLength":1,"workRunningCount":0}
[debug] [2020-03-19T12:35:48.380Z] [work-queue] {"queueLength":0,"workRunningCount":1}
[debug] [2020-03-19T12:35:48.381Z] Accepted request POST /dixit-af060/us-central1/api/graphql --> api
[debug] [2020-03-19T12:35:48.381Z] [worker-pool] submitWork(triggerId=api)
[debug] [2020-03-19T12:35:48.381Z] [worker-api-fca98115-25d6-4cea-90f4-48f0ec247dfc]: Assigning socketPath: /var/folders/d2/7ccr_nkj4717rymkbdlqvdhw0000gn/T/fire_emu_48682.sock
[debug] [2020-03-19T12:35:48.381Z] [worker-api-fca98115-25d6-4cea-90f4-48f0ec247dfc]: BUSY
[debug] [2020-03-19T12:35:48.381Z] [runtime-status] [48682] Trigger "api" has been found, beginning invocation!
[info] i  functions: Beginning execution of "api"
[debug] [2020-03-19T12:35:48.382Z] [runtime-status] [48682] triggerDefinition {"httpsTrigger":{},"name":"api","entryPoint":"api"}
[debug] [2020-03-19T12:35:48.382Z] [runtime-status] [48682] Running api in mode HTTPS
[debug] [2020-03-19T12:35:48.382Z] [runtime-status] [48682] Attempting to listen to socketPath: /var/folders/d2/7ccr_nkj4717rymkbdlqvdhw0000gn/T/fire_emu_48682.sock
[debug] [2020-03-19T12:35:48.383Z] [functions] Runtime ready! Sending request!
[debug] [2020-03-19T12:35:48.386Z] [runtime-status] [48682] Ephemeral server handling POST request
[debug] [2020-03-19T12:35:48.386Z] [runtime-status] [48682] Ephemeral server survived.
[info] i  functions: Finished "api" in ~1s
[debug] [2020-03-19T12:35:48.399Z] [worker-api-fca98115-25d6-4cea-90f4-48f0ec247dfc]: IDLE
[debug] [2020-03-19T12:35:48.399Z] [work-queue] {"queueLength":0,"workRunningCount":0}
[debug] [2020-03-19T12:35:50.406Z] [work-queue] {"queueLength":1,"workRunningCount":0}
[debug] [2020-03-19T12:35:50.406Z] [work-queue] {"queueLength":0,"workRunningCount":1}
[debug] [2020-03-19T12:35:50.406Z] Accepted request POST /dixit-af060/us-central1/api/graphql --> api
[debug] [2020-03-19T12:35:50.406Z] [worker-pool] submitWork(triggerId=api)
[debug] [2020-03-19T12:35:50.406Z] [worker-api-fca98115-25d6-4cea-90f4-48f0ec247dfc]: Assigning socketPath: /var/folders/d2/7ccr_nkj4717rymkbdlqvdhw0000gn/T/fire_emu_48682.sock
[debug] [2020-03-19T12:35:50.406Z] [worker-api-fca98115-25d6-4cea-90f4-48f0ec247dfc]: BUSY
[debug] [2020-03-19T12:35:50.407Z] [runtime-status] [48682] Trigger "api" has been found, beginning invocation!
[info] i  functions: Beginning execution of "api"
[debug] [2020-03-19T12:35:50.407Z] [runtime-status] [48682] triggerDefinition {"httpsTrigger":{},"name":"api","entryPoint":"api"}
[debug] [2020-03-19T12:35:50.407Z] [runtime-status] [48682] Running api in mode HTTPS
[debug] [2020-03-19T12:35:50.407Z] [runtime-status] [48682] Attempting to listen to socketPath: /var/folders/d2/7ccr_nkj4717rymkbdlqvdhw0000gn/T/fire_emu_48682.sock
[debug] [2020-03-19T12:35:50.408Z] [functions] Runtime ready! Sending request!
[debug] [2020-03-19T12:35:50.412Z] [runtime-status] [48682] Ephemeral server handling POST request
[debug] [2020-03-19T12:35:50.412Z] [runtime-status] [48682] Ephemeral server survived.
[info] i  functions: Finished "api" in ~1s
[debug] [2020-03-19T12:35:50.418Z] [worker-api-fca98115-25d6-4cea-90f4-48f0ec247dfc]: IDLE
[debug] [2020-03-19T12:35:50.418Z] [work-queue] {"queueLength":0,"workRunningCount":0}
[debug] [2020-03-19T12:35:52.426Z] [work-queue] {"queueLength":1,"workRunningCount":0}
[debug] [2020-03-19T12:35:52.427Z] [work-queue] {"queueLength":0,"workRunningCount":1}
[debug] [2020-03-19T12:35:52.427Z] Accepted request POST /dixit-af060/us-central1/api/graphql --> api
[debug] [2020-03-19T12:35:52.427Z] [worker-pool] submitWork(triggerId=api)
[debug] [2020-03-19T12:35:52.427Z] [worker-api-fca98115-25d6-4cea-90f4-48f0ec247dfc]: Assigning socketPath: /var/folders/d2/7ccr_nkj4717rymkbdlqvdhw0000gn/T/fire_emu_48682.sock
[debug] [2020-03-19T12:35:52.427Z] [worker-api-fca98115-25d6-4cea-90f4-48f0ec247dfc]: BUSY
[debug] [2020-03-19T12:35:52.427Z] [runtime-status] [48682] Trigger "api" has been found, beginning invocation!
[info] i  functions: Beginning execution of "api"
[debug] [2020-03-19T12:35:52.428Z] [runtime-status] [48682] triggerDefinition {"httpsTrigger":{},"name":"api","entryPoint":"api"}
[debug] [2020-03-19T12:35:52.428Z] [runtime-status] [48682] Running api in mode HTTPS
[debug] [2020-03-19T12:35:52.428Z] [runtime-status] [48682] Attempting to listen to socketPath: /var/folders/d2/7ccr_nkj4717rymkbdlqvdhw0000gn/T/fire_emu_48682.sock
[debug] [2020-03-19T12:35:52.429Z] [functions] Runtime ready! Sending request!
[debug] [2020-03-19T12:35:52.432Z] [runtime-status] [48682] Ephemeral server handling POST request
[debug] [2020-03-19T12:35:52.432Z] [runtime-status] [48682] Ephemeral server survived.
[info] i  functions: Finished "api" in ~1s
[debug] [2020-03-19T12:35:52.438Z] [worker-api-fca98115-25d6-4cea-90f4-48f0ec247dfc]: IDLE
[debug] [2020-03-19T12:35:52.438Z] [work-queue] {"queueLength":0,"workRunningCount":0}
[debug] [2020-03-19T12:35:54.443Z] [work-queue] {"queueLength":1,"workRunningCount":0}
[debug] [2020-03-19T12:35:54.443Z] [work-queue] {"queueLength":0,"workRunningCount":1}
[debug] [2020-03-19T12:35:54.443Z] Accepted request POST /dixit-af060/us-central1/api/graphql --> api
[debug] [2020-03-19T12:35:54.443Z] [worker-pool] submitWork(triggerId=api)
[debug] [2020-03-19T12:35:54.444Z] [worker-api-fca98115-25d6-4cea-90f4-48f0ec247dfc]: Assigning socketPath: /var/folders/d2/7ccr_nkj4717rymkbdlqvdhw0000gn/T/fire_emu_48682.sock
[debug] [2020-03-19T12:35:54.444Z] [worker-api-fca98115-25d6-4cea-90f4-48f0ec247dfc]: BUSY
[debug] [2020-03-19T12:35:54.444Z] [runtime-status] [48682] Trigger "api" has been found, beginning invocation!
[info] i  functions: Beginning execution of "api"
[debug] [2020-03-19T12:35:54.444Z] [runtime-status] [48682] triggerDefinition {"httpsTrigger":{},"name":"api","entryPoint":"api"}
[debug] [2020-03-19T12:35:54.444Z] [runtime-status] [48682] Running api in mode HTTPS
[debug] [2020-03-19T12:35:54.444Z] [runtime-status] [48682] Attempting to listen to socketPath: /var/folders/d2/7ccr_nkj4717rymkbdlqvdhw0000gn/T/fire_emu_48682.sock
[debug] [2020-03-19T12:35:54.445Z] [functions] Runtime ready! Sending request!
[debug] [2020-03-19T12:35:54.448Z] [runtime-status] [48682] Ephemeral server handling POST request
[debug] [2020-03-19T12:35:54.449Z] [runtime-status] [48682] Ephemeral server survived.
[info] i  functions: Finished "api" in ~1s
[debug] [2020-03-19T12:35:54.456Z] [worker-api-fca98115-25d6-4cea-90f4-48f0ec247dfc]: IDLE
[debug] [2020-03-19T12:35:54.456Z] [work-queue] {"queueLength":0,"workRunningCount":0}
[debug] [2020-03-19T12:35:56.461Z] [work-queue] {"queueLength":1,"workRunningCount":0}
[debug] [2020-03-19T12:35:56.461Z] [work-queue] {"queueLength":0,"workRunningCount":1}
[debug] [2020-03-19T12:35:56.461Z] Accepted request POST /dixit-af060/us-central1/api/graphql --> api
[debug] [2020-03-19T12:35:56.462Z] [worker-pool] submitWork(triggerId=api)
[debug] [2020-03-19T12:35:56.462Z] [worker-api-fca98115-25d6-4cea-90f4-48f0ec247dfc]: Assigning socketPath: /var/folders/d2/7ccr_nkj4717rymkbdlqvdhw0000gn/T/fire_emu_48682.sock
[debug] [2020-03-19T12:35:56.462Z] [worker-api-fca98115-25d6-4cea-90f4-48f0ec247dfc]: BUSY
[debug] [2020-03-19T12:35:56.462Z] [runtime-status] [48682] Trigger "api" has been found, beginning invocation!
[info] i  functions: Beginning execution of "api"
[debug] [2020-03-19T12:35:56.462Z] [runtime-status] [48682] triggerDefinition {"httpsTrigger":{},"name":"api","entryPoint":"api"}
[debug] [2020-03-19T12:35:56.463Z] [runtime-status] [48682] Running api in mode HTTPS
[debug] [2020-03-19T12:35:56.463Z] [runtime-status] [48682] Attempting to listen to socketPath: /var/folders/d2/7ccr_nkj4717rymkbdlqvdhw0000gn/T/fire_emu_48682.sock
[debug] [2020-03-19T12:35:56.464Z] [functions] Runtime ready! Sending request!
[debug] [2020-03-19T12:35:56.468Z] [runtime-status] [48682] Ephemeral server handling POST request
[debug] [2020-03-19T12:35:56.469Z] [runtime-status] [48682] Ephemeral server survived.
[info] i  functions: Finished "api" in ~1s
[debug] [2020-03-19T12:35:56.474Z] [worker-api-fca98115-25d6-4cea-90f4-48f0ec247dfc]: IDLE
[debug] [2020-03-19T12:35:56.474Z] [work-queue] {"queueLength":0,"workRunningCount":0}
[debug] [2020-03-19T12:35:58.481Z] [work-queue] {"queueLength":1,"workRunningCount":0}
[debug] [2020-03-19T12:35:58.481Z] [work-queue] {"queueLength":0,"workRunningCount":1}
[debug] [2020-03-19T12:35:58.481Z] Accepted request POST /dixit-af060/us-central1/api/graphql --> api
[debug] [2020-03-19T12:35:58.481Z] [worker-pool] submitWork(triggerId=api)
[debug] [2020-03-19T12:35:58.481Z] [worker-api-fca98115-25d6-4cea-90f4-48f0ec247dfc]: Assigning socketPath: /var/folders/d2/7ccr_nkj4717rymkbdlqvdhw0000gn/T/fire_emu_48682.sock
[debug] [2020-03-19T12:35:58.481Z] [worker-api-fca98115-25d6-4cea-90f4-48f0ec247dfc]: BUSY
[debug] [2020-03-19T12:35:58.481Z] [runtime-status] [48682] Trigger "api" has been found, beginning invocation!
[info] i  functions: Beginning execution of "api"
[debug] [2020-03-19T12:35:58.482Z] [runtime-status] [48682] triggerDefinition {"httpsTrigger":{},"name":"api","entryPoint":"api"}
[debug] [2020-03-19T12:35:58.482Z] [runtime-status] [48682] Running api in mode HTTPS
[debug] [2020-03-19T12:35:58.482Z] [runtime-status] [48682] Attempting to listen to socketPath: /var/folders/d2/7ccr_nkj4717rymkbdlqvdhw0000gn/T/fire_emu_48682.sock
[debug] [2020-03-19T12:35:58.483Z] [functions] Runtime ready! Sending request!
[debug] [2020-03-19T12:35:58.488Z] [runtime-status] [48682] Ephemeral server handling POST request
[debug] [2020-03-19T12:35:58.489Z] [runtime-status] [48682] Ephemeral server survived.
[info] i  functions: Finished "api" in ~1s
[debug] [2020-03-19T12:35:58.495Z] [worker-api-fca98115-25d6-4cea-90f4-48f0ec247dfc]: IDLE
[debug] [2020-03-19T12:35:58.495Z] [work-queue] {"queueLength":0,"workRunningCount":0}
[debug] [2020-03-19T12:36:00.500Z] [work-queue] {"queueLength":1,"workRunningCount":0}
[debug] [2020-03-19T12:36:00.500Z] [work-queue] {"queueLength":0,"workRunningCount":1}
[debug] [2020-03-19T12:36:00.500Z] Accepted request POST /dixit-af060/us-central1/api/graphql --> api
[debug] [2020-03-19T12:36:00.500Z] [worker-pool] submitWork(triggerId=api)
[debug] [2020-03-19T12:36:00.500Z] [worker-api-fca98115-25d6-4cea-90f4-48f0ec247dfc]: Assigning socketPath: /var/folders/d2/7ccr_nkj4717rymkbdlqvdhw0000gn/T/fire_emu_48682.sock
[debug] [2020-03-19T12:36:00.500Z] [worker-api-fca98115-25d6-4cea-90f4-48f0ec247dfc]: BUSY
[debug] [2020-03-19T12:36:00.501Z] [runtime-status] [48682] Trigger "api" has been found, beginning invocation!
[info] i  functions: Beginning execution of "api"
[debug] [2020-03-19T12:36:00.501Z] [runtime-status] [48682] triggerDefinition {"httpsTrigger":{},"name":"api","entryPoint":"api"}
[debug] [2020-03-19T12:36:00.501Z] [runtime-status] [48682] Running api in mode HTTPS
[debug] [2020-03-19T12:36:00.501Z] [runtime-status] [48682] Attempting to listen to socketPath: /var/folders/d2/7ccr_nkj4717rymkbdlqvdhw0000gn/T/fire_emu_48682.sock
[debug] [2020-03-19T12:36:00.502Z] [functions] Runtime ready! Sending request!
[debug] [2020-03-19T12:36:00.507Z] [runtime-status] [48682] Ephemeral server handling POST request
[debug] [2020-03-19T12:36:00.508Z] [runtime-status] [48682] Ephemeral server survived.
[info] i  functions: Finished "api" in ~1s
[debug] [2020-03-19T12:36:00.513Z] [worker-api-fca98115-25d6-4cea-90f4-48f0ec247dfc]: IDLE
[debug] [2020-03-19T12:36:00.513Z] [work-queue] {"queueLength":0,"workRunningCount":0}
[debug] [2020-03-19T12:36:02.519Z] [work-queue] {"queueLength":1,"workRunningCount":0}
[debug] [2020-03-19T12:36:02.520Z] [work-queue] {"queueLength":0,"workRunningCount":1}
[debug] [2020-03-19T12:36:02.520Z] Accepted request POST /dixit-af060/us-central1/api/graphql --> api
[debug] [2020-03-19T12:36:02.520Z] [worker-pool] submitWork(triggerId=api)
[debug] [2020-03-19T12:36:02.520Z] [worker-api-fca98115-25d6-4cea-90f4-48f0ec247dfc]: Assigning socketPath: /var/folders/d2/7ccr_nkj4717rymkbdlqvdhw0000gn/T/fire_emu_48682.sock
[debug] [2020-03-19T12:36:02.520Z] [worker-api-fca98115-25d6-4cea-90f4-48f0ec247dfc]: BUSY
[debug] [2020-03-19T12:36:02.520Z] [runtime-status] [48682] Trigger "api" has been found, beginning invocation!
[info] i  functions: Beginning execution of "api"
[debug] [2020-03-19T12:36:02.521Z] [runtime-status] [48682] triggerDefinition {"httpsTrigger":{},"name":"api","entryPoint":"api"}
[debug] [2020-03-19T12:36:02.521Z] [runtime-status] [48682] Running api in mode HTTPS
[debug] [2020-03-19T12:36:02.521Z] [runtime-status] [48682] Attempting to listen to socketPath: /var/folders/d2/7ccr_nkj4717rymkbdlqvdhw0000gn/T/fire_emu_48682.sock
[debug] [2020-03-19T12:36:02.522Z] [functions] Runtime ready! Sending request!
[debug] [2020-03-19T12:36:02.524Z] [runtime-status] [48682] Ephemeral server handling POST request
[debug] [2020-03-19T12:36:02.526Z] [runtime-status] [48682] Ephemeral server survived.
[info] i  functions: Finished "api" in ~1s
[debug] [2020-03-19T12:36:02.530Z] [worker-api-fca98115-25d6-4cea-90f4-48f0ec247dfc]: IDLE
[debug] [2020-03-19T12:36:02.530Z] [work-queue] {"queueLength":0,"workRunningCount":0}
[debug] [2020-03-19T12:36:04.538Z] [work-queue] {"queueLength":1,"workRunningCount":0}
[debug] [2020-03-19T12:36:04.538Z] [work-queue] {"queueLength":0,"workRunningCount":1}
[debug] [2020-03-19T12:36:04.538Z] Accepted request POST /dixit-af060/us-central1/api/graphql --> api
[debug] [2020-03-19T12:36:04.538Z] [worker-pool] submitWork(triggerId=api)
[debug] [2020-03-19T12:36:04.538Z] [worker-api-fca98115-25d6-4cea-90f4-48f0ec247dfc]: Assigning socketPath: /var/folders/d2/7ccr_nkj4717rymkbdlqvdhw0000gn/T/fire_emu_48682.sock
[debug] [2020-03-19T12:36:04.538Z] [worker-api-fca98115-25d6-4cea-90f4-48f0ec247dfc]: BUSY
[debug] [2020-03-19T12:36:04.539Z] [runtime-status] [48682] Trigger "api" has been found, beginning invocation!
[info] i  functions: Beginning execution of "api"
[debug] [2020-03-19T12:36:04.539Z] [runtime-status] [48682] triggerDefinition {"httpsTrigger":{},"name":"api","entryPoint":"api"}
[debug] [2020-03-19T12:36:04.539Z] [runtime-status] [48682] Running api in mode HTTPS
[debug] [2020-03-19T12:36:04.539Z] [runtime-status] [48682] Attempting to listen to socketPath: /var/folders/d2/7ccr_nkj4717rymkbdlqvdhw0000gn/T/fire_emu_48682.sock
[debug] [2020-03-19T12:36:04.541Z] [functions] Runtime ready! Sending request!
[debug] [2020-03-19T12:36:04.544Z] [runtime-status] [48682] Ephemeral server handling POST request
[debug] [2020-03-19T12:36:04.545Z] [runtime-status] [48682] Ephemeral server survived.
[info] i  functions: Finished "api" in ~1s
[debug] [2020-03-19T12:36:04.549Z] [worker-api-fca98115-25d6-4cea-90f4-48f0ec247dfc]: IDLE
[debug] [2020-03-19T12:36:04.549Z] [work-queue] {"queueLength":0,"workRunningCount":0}
[debug] [2020-03-19T12:36:06.555Z] [work-queue] {"queueLength":1,"workRunningCount":0}
[debug] [2020-03-19T12:36:06.556Z] [work-queue] {"queueLength":0,"workRunningCount":1}
[debug] [2020-03-19T12:36:06.556Z] Accepted request POST /dixit-af060/us-central1/api/graphql --> api
[debug] [2020-03-19T12:36:06.556Z] [worker-pool] submitWork(triggerId=api)
[debug] [2020-03-19T12:36:06.556Z] [worker-api-fca98115-25d6-4cea-90f4-48f0ec247dfc]: Assigning socketPath: /var/folders/d2/7ccr_nkj4717rymkbdlqvdhw0000gn/T/fire_emu_48682.sock
[debug] [2020-03-19T12:36:06.556Z] [worker-api-fca98115-25d6-4cea-90f4-48f0ec247dfc]: BUSY
[debug] [2020-03-19T12:36:06.556Z] [runtime-status] [48682] Trigger "api" has been found, beginning invocation!
[info] i  functions: Beginning execution of "api"
[debug] [2020-03-19T12:36:06.556Z] [runtime-status] [48682] triggerDefinition {"httpsTrigger":{},"name":"api","entryPoint":"api"}
[debug] [2020-03-19T12:36:06.557Z] [runtime-status] [48682] Running api in mode HTTPS
[debug] [2020-03-19T12:36:06.557Z] [runtime-status] [48682] Attempting to listen to socketPath: /var/folders/d2/7ccr_nkj4717rymkbdlqvdhw0000gn/T/fire_emu_48682.sock
[debug] [2020-03-19T12:36:06.558Z] [functions] Runtime ready! Sending request!
[debug] [2020-03-19T12:36:06.560Z] [runtime-status] [48682] Ephemeral server handling POST request
[debug] [2020-03-19T12:36:06.561Z] [runtime-status] [48682] Ephemeral server survived.
[info] i  functions: Finished "api" in ~1s
[debug] [2020-03-19T12:36:06.565Z] [worker-api-fca98115-25d6-4cea-90f4-48f0ec247dfc]: IDLE
[debug] [2020-03-19T12:36:06.565Z] [work-queue] {"queueLength":0,"workRunningCount":0}
[debug] [2020-03-19T12:36:08.573Z] [work-queue] {"queueLength":1,"workRunningCount":0}
[debug] [2020-03-19T12:36:08.573Z] [work-queue] {"queueLength":0,"workRunningCount":1}
[debug] [2020-03-19T12:36:08.573Z] Accepted request POST /dixit-af060/us-central1/api/graphql --> api
[debug] [2020-03-19T12:36:08.573Z] [worker-pool] submitWork(triggerId=api)
[debug] [2020-03-19T12:36:08.574Z] [worker-api-fca98115-25d6-4cea-90f4-48f0ec247dfc]: Assigning socketPath: /var/folders/d2/7ccr_nkj4717rymkbdlqvdhw0000gn/T/fire_emu_48682.sock
[debug] [2020-03-19T12:36:08.574Z] [worker-api-fca98115-25d6-4cea-90f4-48f0ec247dfc]: BUSY
[debug] [2020-03-19T12:36:08.574Z] [runtime-status] [48682] Trigger "api" has been found, beginning invocation!
[info] i  functions: Beginning execution of "api"
[debug] [2020-03-19T12:36:08.574Z] [runtime-status] [48682] triggerDefinition {"httpsTrigger":{},"name":"api","entryPoint":"api"}
[debug] [2020-03-19T12:36:08.574Z] [runtime-status] [48682] Running api in mode HTTPS
[debug] [2020-03-19T12:36:08.575Z] [runtime-status] [48682] Attempting to listen to socketPath: /var/folders/d2/7ccr_nkj4717rymkbdlqvdhw0000gn/T/fire_emu_48682.sock
[debug] [2020-03-19T12:36:08.576Z] [functions] Runtime ready! Sending request!
[debug] [2020-03-19T12:36:08.578Z] [runtime-status] [48682] Ephemeral server handling POST request
[debug] [2020-03-19T12:36:08.579Z] [runtime-status] [48682] Ephemeral server survived.
[info] i  functions: Finished "api" in ~1s
[debug] [2020-03-19T12:36:08.584Z] [worker-api-fca98115-25d6-4cea-90f4-48f0ec247dfc]: IDLE
[debug] [2020-03-19T12:36:08.584Z] [work-queue] {"queueLength":0,"workRunningCount":0}
[debug] [2020-03-19T12:36:10.590Z] [work-queue] {"queueLength":1,"workRunningCount":0}
[debug] [2020-03-19T12:36:10.590Z] [work-queue] {"queueLength":0,"workRunningCount":1}
[debug] [2020-03-19T12:36:10.590Z] Accepted request POST /dixit-af060/us-central1/api/graphql --> api
[debug] [2020-03-19T12:36:10.590Z] [worker-pool] submitWork(triggerId=api)
[debug] [2020-03-19T12:36:10.590Z] [worker-api-fca98115-25d6-4cea-90f4-48f0ec247dfc]: Assigning socketPath: /var/folders/d2/7ccr_nkj4717rymkbdlqvdhw0000gn/T/fire_emu_48682.sock
[debug] [2020-03-19T12:36:10.590Z] [worker-api-fca98115-25d6-4cea-90f4-48f0ec247dfc]: BUSY
[debug] [2020-03-19T12:36:10.591Z] [runtime-status] [48682] Trigger "api" has been found, beginning invocation!
[info] i  functions: Beginning execution of "api"
[debug] [2020-03-19T12:36:10.591Z] [runtime-status] [48682] triggerDefinition {"httpsTrigger":{},"name":"api","entryPoint":"api"}
[debug] [2020-03-19T12:36:10.591Z] [runtime-status] [48682] Running api in mode HTTPS
[debug] [2020-03-19T12:36:10.592Z] [runtime-status] [48682] Attempting to listen to socketPath: /var/folders/d2/7ccr_nkj4717rymkbdlqvdhw0000gn/T/fire_emu_48682.sock
[debug] [2020-03-19T12:36:10.592Z] [functions] Runtime ready! Sending request!
[debug] [2020-03-19T12:36:10.594Z] [runtime-status] [48682] Ephemeral server handling POST request
[debug] [2020-03-19T12:36:10.595Z] [runtime-status] [48682] Ephemeral server survived.
[info] i  functions: Finished "api" in ~1s
[debug] [2020-03-19T12:36:10.604Z] [worker-api-fca98115-25d6-4cea-90f4-48f0ec247dfc]: IDLE
[debug] [2020-03-19T12:36:10.604Z] [work-queue] {"queueLength":0,"workRunningCount":0}
[debug] [2020-03-19T12:36:12.610Z] [work-queue] {"queueLength":1,"workRunningCount":0}
[debug] [2020-03-19T12:36:12.610Z] [work-queue] {"queueLength":0,"workRunningCount":1}
[debug] [2020-03-19T12:36:12.610Z] Accepted request POST /dixit-af060/us-central1/api/graphql --> api
[debug] [2020-03-19T12:36:12.610Z] [worker-pool] submitWork(triggerId=api)
[debug] [2020-03-19T12:36:12.610Z] [worker-api-fca98115-25d6-4cea-90f4-48f0ec247dfc]: Assigning socketPath: /var/folders/d2/7ccr_nkj4717rymkbdlqvdhw0000gn/T/fire_emu_48682.sock
[debug] [2020-03-19T12:36:12.610Z] [worker-api-fca98115-25d6-4cea-90f4-48f0ec247dfc]: BUSY
[debug] [2020-03-19T12:36:12.611Z] [runtime-status] [48682] Trigger "api" has been found, beginning invocation!
[info] i  functions: Beginning execution of "api"
[debug] [2020-03-19T12:36:12.611Z] [runtime-status] [48682] triggerDefinition {"httpsTrigger":{},"name":"api","entryPoint":"api"}
[debug] [2020-03-19T12:36:12.611Z] [runtime-status] [48682] Running api in mode HTTPS
[debug] [2020-03-19T12:36:12.611Z] [runtime-status] [48682] Attempting to listen to socketPath: /var/folders/d2/7ccr_nkj4717rymkbdlqvdhw0000gn/T/fire_emu_48682.sock
[debug] [2020-03-19T12:36:12.612Z] [functions] Runtime ready! Sending request!
[debug] [2020-03-19T12:36:12.614Z] [runtime-status] [48682] Ephemeral server handling POST request
[debug] [2020-03-19T12:36:12.615Z] [runtime-status] [48682] Ephemeral server survived.
[info] i  functions: Finished "api" in ~1s
[debug] [2020-03-19T12:36:12.622Z] [worker-api-fca98115-25d6-4cea-90f4-48f0ec247dfc]: IDLE
[debug] [2020-03-19T12:36:12.622Z] [work-queue] {"queueLength":0,"workRunningCount":0}
[debug] [2020-03-19T12:36:14.628Z] [work-queue] {"queueLength":1,"workRunningCount":0}
[debug] [2020-03-19T12:36:14.628Z] [work-queue] {"queueLength":0,"workRunningCount":1}
[debug] [2020-03-19T12:36:14.628Z] Accepted request POST /dixit-af060/us-central1/api/graphql --> api
[debug] [2020-03-19T12:36:14.628Z] [worker-pool] submitWork(triggerId=api)
[debug] [2020-03-19T12:36:14.628Z] [worker-api-fca98115-25d6-4cea-90f4-48f0ec247dfc]: Assigning socketPath: /var/folders/d2/7ccr_nkj4717rymkbdlqvdhw0000gn/T/fire_emu_48682.sock
[debug] [2020-03-19T12:36:14.629Z] [worker-api-fca98115-25d6-4cea-90f4-48f0ec247dfc]: BUSY
[debug] [2020-03-19T12:36:14.629Z] [runtime-status] [48682] Trigger "api" has been found, beginning invocation!
[info] i  functions: Beginning execution of "api"
[debug] [2020-03-19T12:36:14.630Z] [runtime-status] [48682] triggerDefinition {"httpsTrigger":{},"name":"api","entryPoint":"api"}
[debug] [2020-03-19T12:36:14.630Z] [runtime-status] [48682] Running api in mode HTTPS
[debug] [2020-03-19T12:36:14.630Z] [runtime-status] [48682] Attempting to listen to socketPath: /var/folders/d2/7ccr_nkj4717rymkbdlqvdhw0000gn/T/fire_emu_48682.sock
[debug] [2020-03-19T12:36:14.631Z] [functions] Runtime ready! Sending request!
[debug] [2020-03-19T12:36:14.633Z] [runtime-status] [48682] Ephemeral server handling POST request
[debug] [2020-03-19T12:36:14.633Z] [runtime-status] [48682] Ephemeral server survived.
[info] i  functions: Finished "api" in ~1s
[debug] [2020-03-19T12:36:14.640Z] [worker-api-fca98115-25d6-4cea-90f4-48f0ec247dfc]: IDLE
[debug] [2020-03-19T12:36:14.640Z] [work-queue] {"queueLength":0,"workRunningCount":0}
[debug] [2020-03-19T12:36:16.648Z] [work-queue] {"queueLength":1,"workRunningCount":0}
[debug] [2020-03-19T12:36:16.648Z] [work-queue] {"queueLength":0,"workRunningCount":1}
[debug] [2020-03-19T12:36:16.648Z] Accepted request POST /dixit-af060/us-central1/api/graphql --> api
[debug] [2020-03-19T12:36:16.648Z] [worker-pool] submitWork(triggerId=api)
[debug] [2020-03-19T12:36:16.648Z] [worker-api-fca98115-25d6-4cea-90f4-48f0ec247dfc]: Assigning socketPath: /var/folders/d2/7ccr_nkj4717rymkbdlqvdhw0000gn/T/fire_emu_48682.sock
[debug] [2020-03-19T12:36:16.648Z] [worker-api-fca98115-25d6-4cea-90f4-48f0ec247dfc]: BUSY
[debug] [2020-03-19T12:36:16.649Z] [runtime-status] [48682] Trigger "api" has been found, beginning invocation!
[info] i  functions: Beginning execution of "api"
[debug] [2020-03-19T12:36:16.650Z] [runtime-status] [48682] triggerDefinition {"httpsTrigger":{},"name":"api","entryPoint":"api"}
[debug] [2020-03-19T12:36:16.650Z] [runtime-status] [48682] Running api in mode HTTPS
[debug] [2020-03-19T12:36:16.650Z] [runtime-status] [48682] Attempting to listen to socketPath: /var/folders/d2/7ccr_nkj4717rymkbdlqvdhw0000gn/T/fire_emu_48682.sock
[debug] [2020-03-19T12:36:16.651Z] [functions] Runtime ready! Sending request!
[debug] [2020-03-19T12:36:16.654Z] [runtime-status] [48682] Ephemeral server handling POST request
[debug] [2020-03-19T12:36:16.655Z] [runtime-status] [48682] Ephemeral server survived.
[info] i  functions: Finished "api" in ~1s
[debug] [2020-03-19T12:36:16.663Z] [worker-api-fca98115-25d6-4cea-90f4-48f0ec247dfc]: IDLE
[debug] [2020-03-19T12:36:16.663Z] [work-queue] {"queueLength":0,"workRunningCount":0}
[debug] [2020-03-19T12:36:18.670Z] [work-queue] {"queueLength":1,"workRunningCount":0}
[debug] [2020-03-19T12:36:18.670Z] [work-queue] {"queueLength":0,"workRunningCount":1}
[debug] [2020-03-19T12:36:18.670Z] Accepted request POST /dixit-af060/us-central1/api/graphql --> api
[debug] [2020-03-19T12:36:18.670Z] [worker-pool] submitWork(triggerId=api)
[debug] [2020-03-19T12:36:18.671Z] [worker-api-fca98115-25d6-4cea-90f4-48f0ec247dfc]: Assigning socketPath: /var/folders/d2/7ccr_nkj4717rymkbdlqvdhw0000gn/T/fire_emu_48682.sock
[debug] [2020-03-19T12:36:18.671Z] [worker-api-fca98115-25d6-4cea-90f4-48f0ec247dfc]: BUSY
[debug] [2020-03-19T12:36:18.671Z] [runtime-status] [48682] Trigger "api" has been found, beginning invocation!
[info] i  functions: Beginning execution of "api"
[debug] [2020-03-19T12:36:18.672Z] [runtime-status] [48682] triggerDefinition {"httpsTrigger":{},"name":"api","entryPoint":"api"}
[debug] [2020-03-19T12:36:18.672Z] [runtime-status] [48682] Running api in mode HTTPS
[debug] [2020-03-19T12:36:18.672Z] [runtime-status] [48682] Attempting to listen to socketPath: /var/folders/d2/7ccr_nkj4717rymkbdlqvdhw0000gn/T/fire_emu_48682.sock
[debug] [2020-03-19T12:36:18.672Z] [functions] Runtime ready! Sending request!
[debug] [2020-03-19T12:36:18.675Z] [runtime-status] [48682] Ephemeral server handling POST request
[debug] [2020-03-19T12:36:18.675Z] [runtime-status] [48682] Ephemeral server survived.
[info] i  functions: Finished "api" in ~1s
[debug] [2020-03-19T12:36:18.681Z] [worker-api-fca98115-25d6-4cea-90f4-48f0ec247dfc]: IDLE
[debug] [2020-03-19T12:36:18.681Z] [work-queue] {"queueLength":0,"workRunningCount":0}
[debug] [2020-03-19T12:36:20.689Z] [work-queue] {"queueLength":1,"workRunningCount":0}
[debug] [2020-03-19T12:36:20.689Z] [work-queue] {"queueLength":0,"workRunningCount":1}
[debug] [2020-03-19T12:36:20.689Z] Accepted request POST /dixit-af060/us-central1/api/graphql --> api
[debug] [2020-03-19T12:36:20.690Z] [worker-pool] submitWork(triggerId=api)
[debug] [2020-03-19T12:36:20.690Z] [worker-api-fca98115-25d6-4cea-90f4-48f0ec247dfc]: Assigning socketPath: /var/folders/d2/7ccr_nkj4717rymkbdlqvdhw0000gn/T/fire_emu_48682.sock
[debug] [2020-03-19T12:36:20.690Z] [worker-api-fca98115-25d6-4cea-90f4-48f0ec247dfc]: BUSY
[debug] [2020-03-19T12:36:20.690Z] [runtime-status] [48682] Trigger "api" has been found, beginning invocation!
[info] i  functions: Beginning execution of "api"
[debug] [2020-03-19T12:36:20.691Z] [runtime-status] [48682] triggerDefinition {"httpsTrigger":{},"name":"api","entryPoint":"api"}
[debug] [2020-03-19T12:36:20.691Z] [runtime-status] [48682] Running api in mode HTTPS
[debug] [2020-03-19T12:36:20.691Z] [runtime-status] [48682] Attempting to listen to socketPath: /var/folders/d2/7ccr_nkj4717rymkbdlqvdhw0000gn/T/fire_emu_48682.sock
[debug] [2020-03-19T12:36:20.692Z] [functions] Runtime ready! Sending request!
[debug] [2020-03-19T12:36:20.694Z] [runtime-status] [48682] Ephemeral server handling POST request
[debug] [2020-03-19T12:36:20.695Z] [runtime-status] [48682] Ephemeral server survived.
[info] i  functions: Finished "api" in ~1s
[debug] [2020-03-19T12:36:20.701Z] [worker-api-fca98115-25d6-4cea-90f4-48f0ec247dfc]: IDLE
[debug] [2020-03-19T12:36:20.701Z] [work-queue] {"queueLength":0,"workRunningCount":0}
[debug] [2020-03-19T12:36:22.708Z] [work-queue] {"queueLength":1,"workRunningCount":0}
[debug] [2020-03-19T12:36:22.708Z] [work-queue] {"queueLength":0,"workRunningCount":1}
[debug] [2020-03-19T12:36:22.708Z] Accepted request POST /dixit-af060/us-central1/api/graphql --> api
[debug] [2020-03-19T12:36:22.708Z] [worker-pool] submitWork(triggerId=api)
[debug] [2020-03-19T12:36:22.708Z] [worker-api-fca98115-25d6-4cea-90f4-48f0ec247dfc]: Assigning socketPath: /var/folders/d2/7ccr_nkj4717rymkbdlqvdhw0000gn/T/fire_emu_48682.sock
[debug] [2020-03-19T12:36:22.709Z] [worker-api-fca98115-25d6-4cea-90f4-48f0ec247dfc]: BUSY
[debug] [2020-03-19T12:36:22.709Z] [runtime-status] [48682] Trigger "api" has been found, beginning invocation!
[info] i  functions: Beginning execution of "api"
[debug] [2020-03-19T12:36:22.709Z] [runtime-status] [48682] triggerDefinition {"httpsTrigger":{},"name":"api","entryPoint":"api"}
[debug] [2020-03-19T12:36:22.710Z] [runtime-status] [48682] Running api in mode HTTPS
[debug] [2020-03-19T12:36:22.710Z] [runtime-status] [48682] Attempting to listen to socketPath: /var/folders/d2/7ccr_nkj4717rymkbdlqvdhw0000gn/T/fire_emu_48682.sock
[debug] [2020-03-19T12:36:22.711Z] [functions] Runtime ready! Sending request!
[debug] [2020-03-19T12:36:22.713Z] [runtime-status] [48682] Ephemeral server handling POST request
[debug] [2020-03-19T12:36:22.714Z] [runtime-status] [48682] Ephemeral server survived.
[info] i  functions: Finished "api" in ~1s
[debug] [2020-03-19T12:36:22.722Z] [worker-api-fca98115-25d6-4cea-90f4-48f0ec247dfc]: IDLE
[debug] [2020-03-19T12:36:22.722Z] [work-queue] {"queueLength":0,"workRunningCount":0}
[debug] [2020-03-19T12:36:24.727Z] [work-queue] {"queueLength":1,"workRunningCount":0}
[debug] [2020-03-19T12:36:24.727Z] [work-queue] {"queueLength":0,"workRunningCount":1}
[debug] [2020-03-19T12:36:24.727Z] Accepted request POST /dixit-af060/us-central1/api/graphql --> api
[debug] [2020-03-19T12:36:24.727Z] [worker-pool] submitWork(triggerId=api)
[debug] [2020-03-19T12:36:24.727Z] [worker-api-fca98115-25d6-4cea-90f4-48f0ec247dfc]: Assigning socketPath: /var/folders/d2/7ccr_nkj4717rymkbdlqvdhw0000gn/T/fire_emu_48682.sock
[debug] [2020-03-19T12:36:24.728Z] [worker-api-fca98115-25d6-4cea-90f4-48f0ec247dfc]: BUSY
[debug] [2020-03-19T12:36:24.728Z] [runtime-status] [48682] Trigger "api" has been found, beginning invocation!
[info] i  functions: Beginning execution of "api"
[debug] [2020-03-19T12:36:24.728Z] [runtime-status] [48682] triggerDefinition {"httpsTrigger":{},"name":"api","entryPoint":"api"}
[debug] [2020-03-19T12:36:24.728Z] [runtime-status] [48682] Running api in mode HTTPS
[debug] [2020-03-19T12:36:24.728Z] [runtime-status] [48682] Attempting to listen to socketPath: /var/folders/d2/7ccr_nkj4717rymkbdlqvdhw0000gn/T/fire_emu_48682.sock
[debug] [2020-03-19T12:36:24.729Z] [functions] Runtime ready! Sending request!
[debug] [2020-03-19T12:36:24.732Z] [runtime-status] [48682] Ephemeral server handling POST request
[debug] [2020-03-19T12:36:24.732Z] [runtime-status] [48682] Ephemeral server survived.
[info] i  functions: Finished "api" in ~1s
[debug] [2020-03-19T12:36:24.739Z] [worker-api-fca98115-25d6-4cea-90f4-48f0ec247dfc]: IDLE
[debug] [2020-03-19T12:36:24.739Z] [work-queue] {"queueLength":0,"workRunningCount":0}
[debug] [2020-03-19T12:36:26.745Z] [work-queue] {"queueLength":1,"workRunningCount":0}
[debug] [2020-03-19T12:36:26.745Z] [work-queue] {"queueLength":0,"workRunningCount":1}
[debug] [2020-03-19T12:36:26.745Z] Accepted request POST /dixit-af060/us-central1/api/graphql --> api
[debug] [2020-03-19T12:36:26.745Z] [worker-pool] submitWork(triggerId=api)
[debug] [2020-03-19T12:36:26.745Z] [worker-api-fca98115-25d6-4cea-90f4-48f0ec247dfc]: Assigning socketPath: /var/folders/d2/7ccr_nkj4717rymkbdlqvdhw0000gn/T/fire_emu_48682.sock
[debug] [2020-03-19T12:36:26.746Z] [worker-api-fca98115-25d6-4cea-90f4-48f0ec247dfc]: BUSY
[debug] [2020-03-19T12:36:26.746Z] [runtime-status] [48682] Trigger "api" has been found, beginning invocation!
[info] i  functions: Beginning execution of "api"
[debug] [2020-03-19T12:36:26.746Z] [runtime-status] [48682] triggerDefinition {"httpsTrigger":{},"name":"api","entryPoint":"api"}
[debug] [2020-03-19T12:36:26.746Z] [runtime-status] [48682] Running api in mode HTTPS
[debug] [2020-03-19T12:36:26.746Z] [runtime-status] [48682] Attempting to listen to socketPath: /var/folders/d2/7ccr_nkj4717rymkbdlqvdhw0000gn/T/fire_emu_48682.sock
[debug] [2020-03-19T12:36:26.747Z] [functions] Runtime ready! Sending request!
[debug] [2020-03-19T12:36:26.749Z] [runtime-status] [48682] Ephemeral server handling POST request
[debug] [2020-03-19T12:36:26.749Z] [runtime-status] [48682] Ephemeral server survived.
[info] i  functions: Finished "api" in ~1s
[debug] [2020-03-19T12:36:26.756Z] [worker-api-fca98115-25d6-4cea-90f4-48f0ec247dfc]: IDLE
[debug] [2020-03-19T12:36:26.756Z] [work-queue] {"queueLength":0,"workRunningCount":0}
[debug] [2020-03-19T12:36:28.761Z] [work-queue] {"queueLength":1,"workRunningCount":0}
[debug] [2020-03-19T12:36:28.761Z] [work-queue] {"queueLength":0,"workRunningCount":1}
[debug] [2020-03-19T12:36:28.761Z] Accepted request POST /dixit-af060/us-central1/api/graphql --> api
[debug] [2020-03-19T12:36:28.761Z] [worker-pool] submitWork(triggerId=api)
[debug] [2020-03-19T12:36:28.761Z] [worker-api-fca98115-25d6-4cea-90f4-48f0ec247dfc]: Assigning socketPath: /var/folders/d2/7ccr_nkj4717rymkbdlqvdhw0000gn/T/fire_emu_48682.sock
[debug] [2020-03-19T12:36:28.761Z] [worker-api-fca98115-25d6-4cea-90f4-48f0ec247dfc]: BUSY
[debug] [2020-03-19T12:36:28.761Z] [runtime-status] [48682] Trigger "api" has been found, beginning invocation!
[info] i  functions: Beginning execution of "api"
[debug] [2020-03-19T12:36:28.762Z] [runtime-status] [48682] triggerDefinition {"httpsTrigger":{},"name":"api","entryPoint":"api"}
[debug] [2020-03-19T12:36:28.762Z] [runtime-status] [48682] Running api in mode HTTPS
[debug] [2020-03-19T12:36:28.762Z] [runtime-status] [48682] Attempting to listen to socketPath: /var/folders/d2/7ccr_nkj4717rymkbdlqvdhw0000gn/T/fire_emu_48682.sock
[debug] [2020-03-19T12:36:28.763Z] [functions] Runtime ready! Sending request!
[debug] [2020-03-19T12:36:28.765Z] [runtime-status] [48682] Ephemeral server handling POST request
[debug] [2020-03-19T12:36:28.765Z] [runtime-status] [48682] Ephemeral server survived.
[info] i  functions: Finished "api" in ~1s
[debug] [2020-03-19T12:36:28.773Z] [worker-api-fca98115-25d6-4cea-90f4-48f0ec247dfc]: IDLE
[debug] [2020-03-19T12:36:28.773Z] [work-queue] {"queueLength":0,"workRunningCount":0}
[debug] [2020-03-19T12:36:30.780Z] [work-queue] {"queueLength":1,"workRunningCount":0}
[debug] [2020-03-19T12:36:30.780Z] [work-queue] {"queueLength":0,"workRunningCount":1}
[debug] [2020-03-19T12:36:30.780Z] Accepted request POST /dixit-af060/us-central1/api/graphql --> api
[debug] [2020-03-19T12:36:30.780Z] [worker-pool] submitWork(triggerId=api)
[debug] [2020-03-19T12:36:30.780Z] [worker-api-fca98115-25d6-4cea-90f4-48f0ec247dfc]: Assigning socketPath: /var/folders/d2/7ccr_nkj4717rymkbdlqvdhw0000gn/T/fire_emu_48682.sock
[debug] [2020-03-19T12:36:30.780Z] [worker-api-fca98115-25d6-4cea-90f4-48f0ec247dfc]: BUSY
[debug] [2020-03-19T12:36:30.781Z] [runtime-status] [48682] Trigger "api" has been found, beginning invocation!
[info] i  functions: Beginning execution of "api"
[debug] [2020-03-19T12:36:30.781Z] [runtime-status] [48682] triggerDefinition {"httpsTrigger":{},"name":"api","entryPoint":"api"}
[debug] [2020-03-19T12:36:30.781Z] [runtime-status] [48682] Running api in mode HTTPS
[debug] [2020-03-19T12:36:30.781Z] [runtime-status] [48682] Attempting to listen to socketPath: /var/folders/d2/7ccr_nkj4717rymkbdlqvdhw0000gn/T/fire_emu_48682.sock
[debug] [2020-03-19T12:36:30.782Z] [functions] Runtime ready! Sending request!
[debug] [2020-03-19T12:36:30.785Z] [runtime-status] [48682] Ephemeral server handling POST request
[debug] [2020-03-19T12:36:30.785Z] [runtime-status] [48682] Ephemeral server survived.
[info] i  functions: Finished "api" in ~1s
[debug] [2020-03-19T12:36:30.793Z] [worker-api-fca98115-25d6-4cea-90f4-48f0ec247dfc]: IDLE
[debug] [2020-03-19T12:36:30.793Z] [work-queue] {"queueLength":0,"workRunningCount":0}
[debug] [2020-03-19T12:36:32.799Z] [work-queue] {"queueLength":1,"workRunningCount":0}
[debug] [2020-03-19T12:36:32.799Z] [work-queue] {"queueLength":0,"workRunningCount":1}
[debug] [2020-03-19T12:36:32.799Z] Accepted request POST /dixit-af060/us-central1/api/graphql --> api
[debug] [2020-03-19T12:36:32.799Z] [worker-pool] submitWork(triggerId=api)
[debug] [2020-03-19T12:36:32.799Z] [worker-api-fca98115-25d6-4cea-90f4-48f0ec247dfc]: Assigning socketPath: /var/folders/d2/7ccr_nkj4717rymkbdlqvdhw0000gn/T/fire_emu_48682.sock
[debug] [2020-03-19T12:36:32.799Z] [worker-api-fca98115-25d6-4cea-90f4-48f0ec247dfc]: BUSY
[debug] [2020-03-19T12:36:32.799Z] [runtime-status] [48682] Trigger "api" has been found, beginning invocation!
[info] i  functions: Beginning execution of "api"
[debug] [2020-03-19T12:36:32.800Z] [runtime-status] [48682] triggerDefinition {"httpsTrigger":{},"name":"api","entryPoint":"api"}
[debug] [2020-03-19T12:36:32.800Z] [runtime-status] [48682] Running api in mode HTTPS
[debug] [2020-03-19T12:36:32.801Z] [runtime-status] [48682] Attempting to listen to socketPath: /var/folders/d2/7ccr_nkj4717rymkbdlqvdhw0000gn/T/fire_emu_48682.sock
[debug] [2020-03-19T12:36:32.802Z] [functions] Runtime ready! Sending request!
[debug] [2020-03-19T12:36:32.805Z] [runtime-status] [48682] Ephemeral server handling POST request
[debug] [2020-03-19T12:36:32.806Z] [runtime-status] [48682] Ephemeral server survived.
[info] i  functions: Finished "api" in ~1s
[debug] [2020-03-19T12:36:32.812Z] [worker-api-fca98115-25d6-4cea-90f4-48f0ec247dfc]: IDLE
[debug] [2020-03-19T12:36:32.812Z] [work-queue] {"queueLength":0,"workRunningCount":0}
[debug] [2020-03-19T12:36:34.818Z] [work-queue] {"queueLength":1,"workRunningCount":0}
[debug] [2020-03-19T12:36:34.819Z] [work-queue] {"queueLength":0,"workRunningCount":1}
[debug] [2020-03-19T12:36:34.819Z] Accepted request POST /dixit-af060/us-central1/api/graphql --> api
[debug] [2020-03-19T12:36:34.819Z] [worker-pool] submitWork(triggerId=api)
[debug] [2020-03-19T12:36:34.819Z] [worker-api-fca98115-25d6-4cea-90f4-48f0ec247dfc]: Assigning socketPath: /var/folders/d2/7ccr_nkj4717rymkbdlqvdhw0000gn/T/fire_emu_48682.sock
[debug] [2020-03-19T12:36:34.819Z] [worker-api-fca98115-25d6-4cea-90f4-48f0ec247dfc]: BUSY
[debug] [2020-03-19T12:36:34.820Z] [runtime-status] [48682] Trigger "api" has been found, beginning invocation!
[info] i  functions: Beginning execution of "api"
[debug] [2020-03-19T12:36:34.820Z] [runtime-status] [48682] triggerDefinition {"httpsTrigger":{},"name":"api","entryPoint":"api"}
[debug] [2020-03-19T12:36:34.820Z] [runtime-status] [48682] Running api in mode HTTPS
[debug] [2020-03-19T12:36:34.820Z] [runtime-status] [48682] Attempting to listen to socketPath: /var/folders/d2/7ccr_nkj4717rymkbdlqvdhw0000gn/T/fire_emu_48682.sock
[debug] [2020-03-19T12:36:34.822Z] [functions] Runtime ready! Sending request!
[debug] [2020-03-19T12:36:34.824Z] [runtime-status] [48682] Ephemeral server handling POST request
[debug] [2020-03-19T12:36:34.824Z] [runtime-status] [48682] Ephemeral server survived.
[info] i  functions: Finished "api" in ~1s
[debug] [2020-03-19T12:36:34.830Z] [worker-api-fca98115-25d6-4cea-90f4-48f0ec247dfc]: IDLE
[debug] [2020-03-19T12:36:34.830Z] [work-queue] {"queueLength":0,"workRunningCount":0}
[debug] [2020-03-19T12:36:36.837Z] [work-queue] {"queueLength":1,"workRunningCount":0}
[debug] [2020-03-19T12:36:36.838Z] [work-queue] {"queueLength":0,"workRunningCount":1}
[debug] [2020-03-19T12:36:36.838Z] Accepted request POST /dixit-af060/us-central1/api/graphql --> api
[debug] [2020-03-19T12:36:36.838Z] [worker-pool] submitWork(triggerId=api)
[debug] [2020-03-19T12:36:36.838Z] [worker-api-fca98115-25d6-4cea-90f4-48f0ec247dfc]: Assigning socketPath: /var/folders/d2/7ccr_nkj4717rymkbdlqvdhw0000gn/T/fire_emu_48682.sock
[debug] [2020-03-19T12:36:36.838Z] [worker-api-fca98115-25d6-4cea-90f4-48f0ec247dfc]: BUSY
[debug] [2020-03-19T12:36:36.838Z] [runtime-status] [48682] Trigger "api" has been found, beginning invocation!
[info] i  functions: Beginning execution of "api"
[debug] [2020-03-19T12:36:36.841Z] [runtime-status] [48682] triggerDefinition {"httpsTrigger":{},"name":"api","entryPoint":"api"}
[debug] [2020-03-19T12:36:36.841Z] [runtime-status] [48682] Running api in mode HTTPS
[debug] [2020-03-19T12:36:36.841Z] [runtime-status] [48682] Attempting to listen to socketPath: /var/folders/d2/7ccr_nkj4717rymkbdlqvdhw0000gn/T/fire_emu_48682.sock
[debug] [2020-03-19T12:36:36.842Z] [functions] Runtime ready! Sending request!
[debug] [2020-03-19T12:36:36.844Z] [runtime-status] [48682] Ephemeral server handling POST request
[debug] [2020-03-19T12:36:36.844Z] [runtime-status] [48682] Ephemeral server survived.
[info] i  functions: Finished "api" in ~1s
[debug] [2020-03-19T12:36:36.850Z] [worker-api-fca98115-25d6-4cea-90f4-48f0ec247dfc]: IDLE
[debug] [2020-03-19T12:36:36.850Z] [work-queue] {"queueLength":0,"workRunningCount":0}
[debug] [2020-03-19T12:36:38.857Z] [work-queue] {"queueLength":1,"workRunningCount":0}
[debug] [2020-03-19T12:36:38.857Z] [work-queue] {"queueLength":0,"workRunningCount":1}
[debug] [2020-03-19T12:36:38.857Z] Accepted request POST /dixit-af060/us-central1/api/graphql --> api
[debug] [2020-03-19T12:36:38.857Z] [worker-pool] submitWork(triggerId=api)
[debug] [2020-03-19T12:36:38.857Z] [worker-api-fca98115-25d6-4cea-90f4-48f0ec247dfc]: Assigning socketPath: /var/folders/d2/7ccr_nkj4717rymkbdlqvdhw0000gn/T/fire_emu_48682.sock
[debug] [2020-03-19T12:36:38.857Z] [worker-api-fca98115-25d6-4cea-90f4-48f0ec247dfc]: BUSY
[debug] [2020-03-19T12:36:38.858Z] [runtime-status] [48682] Trigger "api" has been found, beginning invocation!
[info] i  functions: Beginning execution of "api"
[debug] [2020-03-19T12:36:38.858Z] [runtime-status] [48682] triggerDefinition {"httpsTrigger":{},"name":"api","entryPoint":"api"}
[debug] [2020-03-19T12:36:38.858Z] [runtime-status] [48682] Running api in mode HTTPS
[debug] [2020-03-19T12:36:38.858Z] [runtime-status] [48682] Attempting to listen to socketPath: /var/folders/d2/7ccr_nkj4717rymkbdlqvdhw0000gn/T/fire_emu_48682.sock
[debug] [2020-03-19T12:36:38.859Z] [functions] Runtime ready! Sending request!
[debug] [2020-03-19T12:36:38.861Z] [runtime-status] [48682] Ephemeral server handling POST request
[debug] [2020-03-19T12:36:38.862Z] [runtime-status] [48682] Ephemeral server survived.
[info] i  functions: Finished "api" in ~1s
[debug] [2020-03-19T12:36:38.866Z] [worker-api-fca98115-25d6-4cea-90f4-48f0ec247dfc]: IDLE
[debug] [2020-03-19T12:36:38.867Z] [work-queue] {"queueLength":0,"workRunningCount":0}
[debug] [2020-03-19T12:36:40.872Z] [work-queue] {"queueLength":1,"workRunningCount":0}
[debug] [2020-03-19T12:36:40.872Z] [work-queue] {"queueLength":0,"workRunningCount":1}
[debug] [2020-03-19T12:36:40.872Z] Accepted request POST /dixit-af060/us-central1/api/graphql --> api
[debug] [2020-03-19T12:36:40.872Z] [worker-pool] submitWork(triggerId=api)
[debug] [2020-03-19T12:36:40.873Z] [worker-api-fca98115-25d6-4cea-90f4-48f0ec247dfc]: Assigning socketPath: /var/folders/d2/7ccr_nkj4717rymkbdlqvdhw0000gn/T/fire_emu_48682.sock
[debug] [2020-03-19T12:36:40.873Z] [worker-api-fca98115-25d6-4cea-90f4-48f0ec247dfc]: BUSY
[debug] [2020-03-19T12:36:40.873Z] [runtime-status] [48682] Trigger "api" has been found, beginning invocation!
[info] i  functions: Beginning execution of "api"
[debug] [2020-03-19T12:36:40.873Z] [runtime-status] [48682] triggerDefinition {"httpsTrigger":{},"name":"api","entryPoint":"api"}
[debug] [2020-03-19T12:36:40.874Z] [runtime-status] [48682] Running api in mode HTTPS
[debug] [2020-03-19T12:36:40.874Z] [runtime-status] [48682] Attempting to listen to socketPath: /var/folders/d2/7ccr_nkj4717rymkbdlqvdhw0000gn/T/fire_emu_48682.sock
[debug] [2020-03-19T12:36:40.875Z] [functions] Runtime ready! Sending request!
[debug] [2020-03-19T12:36:40.877Z] [runtime-status] [48682] Ephemeral server handling POST request
[debug] [2020-03-19T12:36:40.877Z] [runtime-status] [48682] Ephemeral server survived.
[info] i  functions: Finished "api" in ~1s
[debug] [2020-03-19T12:36:40.883Z] [worker-api-fca98115-25d6-4cea-90f4-48f0ec247dfc]: IDLE
[debug] [2020-03-19T12:36:40.883Z] [work-queue] {"queueLength":0,"workRunningCount":0}
[debug] [2020-03-19T12:36:42.890Z] [work-queue] {"queueLength":1,"workRunningCount":0}
[debug] [2020-03-19T12:36:42.890Z] [work-queue] {"queueLength":0,"workRunningCount":1}
[debug] [2020-03-19T12:36:42.890Z] Accepted request POST /dixit-af060/us-central1/api/graphql --> api
[debug] [2020-03-19T12:36:42.890Z] [worker-pool] submitWork(triggerId=api)
[debug] [2020-03-19T12:36:42.890Z] [worker-api-fca98115-25d6-4cea-90f4-48f0ec247dfc]: Assigning socketPath: /var/folders/d2/7ccr_nkj4717rymkbdlqvdhw0000gn/T/fire_emu_48682.sock
[debug] [2020-03-19T12:36:42.890Z] [worker-api-fca98115-25d6-4cea-90f4-48f0ec247dfc]: BUSY
[debug] [2020-03-19T12:36:42.891Z] [runtime-status] [48682] Trigger "api" has been found, beginning invocation!
[info] i  functions: Beginning execution of "api"
[debug] [2020-03-19T12:36:42.891Z] [runtime-status] [48682] triggerDefinition {"httpsTrigger":{},"name":"api","entryPoint":"api"}
[debug] [2020-03-19T12:36:42.891Z] [runtime-status] [48682] Running api in mode HTTPS
[debug] [2020-03-19T12:36:42.892Z] [runtime-status] [48682] Attempting to listen to socketPath: /var/folders/d2/7ccr_nkj4717rymkbdlqvdhw0000gn/T/fire_emu_48682.sock
[debug] [2020-03-19T12:36:42.893Z] [functions] Runtime ready! Sending request!
[debug] [2020-03-19T12:36:42.895Z] [runtime-status] [48682] Ephemeral server handling POST request
[debug] [2020-03-19T12:36:42.895Z] [runtime-status] [48682] Ephemeral server survived.
[info] i  functions: Finished "api" in ~1s
[debug] [2020-03-19T12:36:42.901Z] [worker-api-fca98115-25d6-4cea-90f4-48f0ec247dfc]: IDLE
[debug] [2020-03-19T12:36:42.902Z] [work-queue] {"queueLength":0,"workRunningCount":0}
[debug] [2020-03-19T12:36:44.911Z] [work-queue] {"queueLength":1,"workRunningCount":0}
[debug] [2020-03-19T12:36:44.911Z] [work-queue] {"queueLength":0,"workRunningCount":1}
[debug] [2020-03-19T12:36:44.911Z] Accepted request POST /dixit-af060/us-central1/api/graphql --> api
[debug] [2020-03-19T12:36:44.911Z] [worker-pool] submitWork(triggerId=api)
[debug] [2020-03-19T12:36:44.911Z] [worker-api-fca98115-25d6-4cea-90f4-48f0ec247dfc]: Assigning socketPath: /var/folders/d2/7ccr_nkj4717rymkbdlqvdhw0000gn/T/fire_emu_48682.sock
[debug] [2020-03-19T12:36:44.911Z] [worker-api-fca98115-25d6-4cea-90f4-48f0ec247dfc]: BUSY
[debug] [2020-03-19T12:36:44.912Z] [runtime-status] [48682] Trigger "api" has been found, beginning invocation!
[info] i  functions: Beginning execution of "api"
[debug] [2020-03-19T12:36:44.912Z] [runtime-status] [48682] triggerDefinition {"httpsTrigger":{},"name":"api","entryPoint":"api"}
[debug] [2020-03-19T12:36:44.912Z] [runtime-status] [48682] Running api in mode HTTPS
[debug] [2020-03-19T12:36:44.912Z] [runtime-status] [48682] Attempting to listen to socketPath: /var/folders/d2/7ccr_nkj4717rymkbdlqvdhw0000gn/T/fire_emu_48682.sock
[debug] [2020-03-19T12:36:44.913Z] [functions] Runtime ready! Sending request!
[debug] [2020-03-19T12:36:44.915Z] [runtime-status] [48682] Ephemeral server handling POST request
[debug] [2020-03-19T12:36:44.915Z] [runtime-status] [48682] Ephemeral server survived.
[info] i  functions: Finished "api" in ~1s
[debug] [2020-03-19T12:36:44.922Z] [worker-api-fca98115-25d6-4cea-90f4-48f0ec247dfc]: IDLE
[debug] [2020-03-19T12:36:44.922Z] [work-queue] {"queueLength":0,"workRunningCount":0}
[debug] [2020-03-19T12:36:46.928Z] [work-queue] {"queueLength":1,"workRunningCount":0}
[debug] [2020-03-19T12:36:46.929Z] [work-queue] {"queueLength":0,"workRunningCount":1}
[debug] [2020-03-19T12:36:46.929Z] Accepted request POST /dixit-af060/us-central1/api/graphql --> api
[debug] [2020-03-19T12:36:46.929Z] [worker-pool] submitWork(triggerId=api)
[debug] [2020-03-19T12:36:46.929Z] [worker-api-fca98115-25d6-4cea-90f4-48f0ec247dfc]: Assigning socketPath: /var/folders/d2/7ccr_nkj4717rymkbdlqvdhw0000gn/T/fire_emu_48682.sock
[debug] [2020-03-19T12:36:46.929Z] [worker-api-fca98115-25d6-4cea-90f4-48f0ec247dfc]: BUSY
[debug] [2020-03-19T12:36:46.929Z] [runtime-status] [48682] Trigger "api" has been found, beginning invocation!
[info] i  functions: Beginning execution of "api"
[debug] [2020-03-19T12:36:46.930Z] [runtime-status] [48682] triggerDefinition {"httpsTrigger":{},"name":"api","entryPoint":"api"}
[debug] [2020-03-19T12:36:46.930Z] [runtime-status] [48682] Running api in mode HTTPS
[debug] [2020-03-19T12:36:46.930Z] [runtime-status] [48682] Attempting to listen to socketPath: /var/folders/d2/7ccr_nkj4717rymkbdlqvdhw0000gn/T/fire_emu_48682.sock
[debug] [2020-03-19T12:36:46.931Z] [functions] Runtime ready! Sending request!
[debug] [2020-03-19T12:36:46.933Z] [runtime-status] [48682] Ephemeral server handling POST request
[debug] [2020-03-19T12:36:46.933Z] [runtime-status] [48682] Ephemeral server survived.
[info] i  functions: Finished "api" in ~1s
[debug] [2020-03-19T12:36:46.938Z] [worker-api-fca98115-25d6-4cea-90f4-48f0ec247dfc]: IDLE
[debug] [2020-03-19T12:36:46.939Z] [work-queue] {"queueLength":0,"workRunningCount":0}
[debug] [2020-03-19T12:36:48.945Z] [work-queue] {"queueLength":1,"workRunningCount":0}
[debug] [2020-03-19T12:36:48.945Z] [work-queue] {"queueLength":0,"workRunningCount":1}
[debug] [2020-03-19T12:36:48.945Z] Accepted request POST /dixit-af060/us-central1/api/graphql --> api
[debug] [2020-03-19T12:36:48.945Z] [worker-pool] submitWork(triggerId=api)
[debug] [2020-03-19T12:36:48.945Z] [worker-api-fca98115-25d6-4cea-90f4-48f0ec247dfc]: Assigning socketPath: /var/folders/d2/7ccr_nkj4717rymkbdlqvdhw0000gn/T/fire_emu_48682.sock
[debug] [2020-03-19T12:36:48.945Z] [worker-api-fca98115-25d6-4cea-90f4-48f0ec247dfc]: BUSY
[debug] [2020-03-19T12:36:48.946Z] [runtime-status] [48682] Trigger "api" has been found, beginning invocation!
[info] i  functions: Beginning execution of "api"
[debug] [2020-03-19T12:36:48.946Z] [runtime-status] [48682] triggerDefinition {"httpsTrigger":{},"name":"api","entryPoint":"api"}
[debug] [2020-03-19T12:36:48.946Z] [runtime-status] [48682] Running api in mode HTTPS
[debug] [2020-03-19T12:36:48.946Z] [runtime-status] [48682] Attempting to listen to socketPath: /var/folders/d2/7ccr_nkj4717rymkbdlqvdhw0000gn/T/fire_emu_48682.sock
[debug] [2020-03-19T12:36:48.947Z] [functions] Runtime ready! Sending request!
[debug] [2020-03-19T12:36:48.949Z] [runtime-status] [48682] Ephemeral server handling POST request
[debug] [2020-03-19T12:36:48.949Z] [runtime-status] [48682] Ephemeral server survived.
[info] i  functions: Finished "api" in ~1s
[debug] [2020-03-19T12:36:48.955Z] [worker-api-fca98115-25d6-4cea-90f4-48f0ec247dfc]: IDLE
[debug] [2020-03-19T12:36:48.955Z] [work-queue] {"queueLength":0,"workRunningCount":0}
[debug] [2020-03-19T12:36:50.961Z] [work-queue] {"queueLength":1,"workRunningCount":0}
[debug] [2020-03-19T12:36:50.961Z] [work-queue] {"queueLength":0,"workRunningCount":1}
[debug] [2020-03-19T12:36:50.961Z] Accepted request POST /dixit-af060/us-central1/api/graphql --> api
[debug] [2020-03-19T12:36:50.961Z] [worker-pool] submitWork(triggerId=api)
[debug] [2020-03-19T12:36:50.961Z] [worker-api-fca98115-25d6-4cea-90f4-48f0ec247dfc]: Assigning socketPath: /var/folders/d2/7ccr_nkj4717rymkbdlqvdhw0000gn/T/fire_emu_48682.sock
[debug] [2020-03-19T12:36:50.961Z] [worker-api-fca98115-25d6-4cea-90f4-48f0ec247dfc]: BUSY
[debug] [2020-03-19T12:36:50.961Z] [runtime-status] [48682] Trigger "api" has been found, beginning invocation!
[info] i  functions: Beginning execution of "api"
[debug] [2020-03-19T12:36:50.962Z] [runtime-status] [48682] triggerDefinition {"httpsTrigger":{},"name":"api","entryPoint":"api"}
[debug] [2020-03-19T12:36:50.962Z] [runtime-status] [48682] Running api in mode HTTPS
[debug] [2020-03-19T12:36:50.962Z] [runtime-status] [48682] Attempting to listen to socketPath: /var/folders/d2/7ccr_nkj4717rymkbdlqvdhw0000gn/T/fire_emu_48682.sock
[debug] [2020-03-19T12:36:50.962Z] [functions] Runtime ready! Sending request!
[debug] [2020-03-19T12:36:50.964Z] [runtime-status] [48682] Ephemeral server handling POST request
[debug] [2020-03-19T12:36:50.965Z] [runtime-status] [48682] Ephemeral server survived.
[info] i  functions: Finished "api" in ~1s
[debug] [2020-03-19T12:36:50.970Z] [worker-api-fca98115-25d6-4cea-90f4-48f0ec247dfc]: IDLE
[debug] [2020-03-19T12:36:50.970Z] [work-queue] {"queueLength":0,"workRunningCount":0}
[debug] [2020-03-19T12:36:52.976Z] [work-queue] {"queueLength":1,"workRunningCount":0}
[debug] [2020-03-19T12:36:52.976Z] [work-queue] {"queueLength":0,"workRunningCount":1}
[debug] [2020-03-19T12:36:52.976Z] Accepted request POST /dixit-af060/us-central1/api/graphql --> api
[debug] [2020-03-19T12:36:52.976Z] [worker-pool] submitWork(triggerId=api)
[debug] [2020-03-19T12:36:52.976Z] [worker-api-fca98115-25d6-4cea-90f4-48f0ec247dfc]: Assigning socketPath: /var/folders/d2/7ccr_nkj4717rymkbdlqvdhw0000gn/T/fire_emu_48682.sock
[debug] [2020-03-19T12:36:52.976Z] [worker-api-fca98115-25d6-4cea-90f4-48f0ec247dfc]: BUSY
[debug] [2020-03-19T12:36:52.977Z] [runtime-status] [48682] Trigger "api" has been found, beginning invocation!
[info] i  functions: Beginning execution of "api"
[debug] [2020-03-19T12:36:52.977Z] [runtime-status] [48682] triggerDefinition {"httpsTrigger":{},"name":"api","entryPoint":"api"}
[debug] [2020-03-19T12:36:52.977Z] [runtime-status] [48682] Running api in mode HTTPS
[debug] [2020-03-19T12:36:52.977Z] [runtime-status] [48682] Attempting to listen to socketPath: /var/folders/d2/7ccr_nkj4717rymkbdlqvdhw0000gn/T/fire_emu_48682.sock
[debug] [2020-03-19T12:36:52.978Z] [functions] Runtime ready! Sending request!
[debug] [2020-03-19T12:36:52.980Z] [runtime-status] [48682] Ephemeral server handling POST request
[debug] [2020-03-19T12:36:52.981Z] [runtime-status] [48682] Ephemeral server survived.
[info] i  functions: Finished "api" in ~1s
[debug] [2020-03-19T12:36:52.992Z] [worker-api-fca98115-25d6-4cea-90f4-48f0ec247dfc]: IDLE
[debug] [2020-03-19T12:36:52.992Z] [work-queue] {"queueLength":0,"workRunningCount":0}
[debug] [2020-03-19T12:36:54.996Z] [work-queue] {"queueLength":1,"workRunningCount":0}
[debug] [2020-03-19T12:36:54.996Z] [work-queue] {"queueLength":0,"workRunningCount":1}
[debug] [2020-03-19T12:36:54.996Z] Accepted request POST /dixit-af060/us-central1/api/graphql --> api
[debug] [2020-03-19T12:36:54.996Z] [worker-pool] submitWork(triggerId=api)
[debug] [2020-03-19T12:36:54.996Z] [worker-api-fca98115-25d6-4cea-90f4-48f0ec247dfc]: Assigning socketPath: /var/folders/d2/7ccr_nkj4717rymkbdlqvdhw0000gn/T/fire_emu_48682.sock
[debug] [2020-03-19T12:36:54.996Z] [worker-api-fca98115-25d6-4cea-90f4-48f0ec247dfc]: BUSY
[debug] [2020-03-19T12:36:54.997Z] [runtime-status] [48682] Trigger "api" has been found, beginning invocation!
[info] i  functions: Beginning execution of "api"
[debug] [2020-03-19T12:36:54.997Z] [runtime-status] [48682] triggerDefinition {"httpsTrigger":{},"name":"api","entryPoint":"api"}
[debug] [2020-03-19T12:36:54.997Z] [runtime-status] [48682] Running api in mode HTTPS
[debug] [2020-03-19T12:36:54.997Z] [runtime-status] [48682] Attempting to listen to socketPath: /var/folders/d2/7ccr_nkj4717rymkbdlqvdhw0000gn/T/fire_emu_48682.sock
[debug] [2020-03-19T12:36:54.998Z] [functions] Runtime ready! Sending request!
[debug] [2020-03-19T12:36:55.002Z] [runtime-status] [48682] Ephemeral server handling POST request
[debug] [2020-03-19T12:36:55.002Z] [runtime-status] [48682] Ephemeral server survived.
[info] i  functions: Finished "api" in ~1s
[debug] [2020-03-19T12:36:55.010Z] [worker-api-fca98115-25d6-4cea-90f4-48f0ec247dfc]: IDLE
[debug] [2020-03-19T12:36:55.010Z] [work-queue] {"queueLength":0,"workRunningCount":0}
[debug] [2020-03-19T12:36:57.015Z] [work-queue] {"queueLength":1,"workRunningCount":0}
[debug] [2020-03-19T12:36:57.015Z] [work-queue] {"queueLength":0,"workRunningCount":1}
[debug] [2020-03-19T12:36:57.015Z] Accepted request POST /dixit-af060/us-central1/api/graphql --> api
[debug] [2020-03-19T12:36:57.015Z] [worker-pool] submitWork(triggerId=api)
[debug] [2020-03-19T12:36:57.016Z] [worker-api-fca98115-25d6-4cea-90f4-48f0ec247dfc]: Assigning socketPath: /var/folders/d2/7ccr_nkj4717rymkbdlqvdhw0000gn/T/fire_emu_48682.sock
[debug] [2020-03-19T12:36:57.016Z] [worker-api-fca98115-25d6-4cea-90f4-48f0ec247dfc]: BUSY
[debug] [2020-03-19T12:36:57.017Z] [runtime-status] [48682] Trigger "api" has been found, beginning invocation!
[info] i  functions: Beginning execution of "api"
[debug] [2020-03-19T12:36:57.017Z] [runtime-status] [48682] triggerDefinition {"httpsTrigger":{},"name":"api","entryPoint":"api"}
[debug] [2020-03-19T12:36:57.017Z] [runtime-status] [48682] Running api in mode HTTPS
[debug] [2020-03-19T12:36:57.018Z] [runtime-status] [48682] Attempting to listen to socketPath: /var/folders/d2/7ccr_nkj4717rymkbdlqvdhw0000gn/T/fire_emu_48682.sock
[debug] [2020-03-19T12:36:57.019Z] [functions] Runtime ready! Sending request!
[debug] [2020-03-19T12:36:57.022Z] [runtime-status] [48682] Ephemeral server handling POST request
[debug] [2020-03-19T12:36:57.023Z] [runtime-status] [48682] Ephemeral server survived.
[info] i  functions: Finished "api" in ~1s
[debug] [2020-03-19T12:36:57.027Z] [worker-api-fca98115-25d6-4cea-90f4-48f0ec247dfc]: IDLE
[debug] [2020-03-19T12:36:57.028Z] [work-queue] {"queueLength":0,"workRunningCount":0}
[debug] [2020-03-19T12:36:59.035Z] [work-queue] {"queueLength":1,"workRunningCount":0}
[debug] [2020-03-19T12:36:59.035Z] [work-queue] {"queueLength":0,"workRunningCount":1}
[debug] [2020-03-19T12:36:59.035Z] Accepted request POST /dixit-af060/us-central1/api/graphql --> api
[debug] [2020-03-19T12:36:59.035Z] [worker-pool] submitWork(triggerId=api)
[debug] [2020-03-19T12:36:59.035Z] [worker-api-fca98115-25d6-4cea-90f4-48f0ec247dfc]: Assigning socketPath: /var/folders/d2/7ccr_nkj4717rymkbdlqvdhw0000gn/T/fire_emu_48682.sock
[debug] [2020-03-19T12:36:59.035Z] [worker-api-fca98115-25d6-4cea-90f4-48f0ec247dfc]: BUSY
[debug] [2020-03-19T12:36:59.036Z] [runtime-status] [48682] Trigger "api" has been found, beginning invocation!
[info] i  functions: Beginning execution of "api"
[debug] [2020-03-19T12:36:59.037Z] [runtime-status] [48682] triggerDefinition {"httpsTrigger":{},"name":"api","entryPoint":"api"}
[debug] [2020-03-19T12:36:59.037Z] [runtime-status] [48682] Running api in mode HTTPS
[debug] [2020-03-19T12:36:59.037Z] [runtime-status] [48682] Attempting to listen to socketPath: /var/folders/d2/7ccr_nkj4717rymkbdlqvdhw0000gn/T/fire_emu_48682.sock
[debug] [2020-03-19T12:36:59.038Z] [functions] Runtime ready! Sending request!
[debug] [2020-03-19T12:36:59.041Z] [runtime-status] [48682] Ephemeral server handling POST request
[debug] [2020-03-19T12:36:59.041Z] [runtime-status] [48682] Ephemeral server survived.
[info] i  functions: Finished "api" in ~1s
[debug] [2020-03-19T12:36:59.046Z] [worker-api-fca98115-25d6-4cea-90f4-48f0ec247dfc]: IDLE
[debug] [2020-03-19T12:36:59.046Z] [work-queue] {"queueLength":0,"workRunningCount":0}
[debug] [2020-03-19T12:37:01.052Z] [work-queue] {"queueLength":1,"workRunningCount":0}
[debug] [2020-03-19T12:37:01.052Z] [work-queue] {"queueLength":0,"workRunningCount":1}
[debug] [2020-03-19T12:37:01.052Z] Accepted request POST /dixit-af060/us-central1/api/graphql --> api
[debug] [2020-03-19T12:37:01.052Z] [worker-pool] submitWork(triggerId=api)
[debug] [2020-03-19T12:37:01.052Z] [worker-api-fca98115-25d6-4cea-90f4-48f0ec247dfc]: Assigning socketPath: /var/folders/d2/7ccr_nkj4717rymkbdlqvdhw0000gn/T/fire_emu_48682.sock
[debug] [2020-03-19T12:37:01.053Z] [worker-api-fca98115-25d6-4cea-90f4-48f0ec247dfc]: BUSY
[debug] [2020-03-19T12:37:01.053Z] [runtime-status] [48682] Trigger "api" has been found, beginning invocation!
[info] i  functions: Beginning execution of "api"
[debug] [2020-03-19T12:37:01.053Z] [runtime-status] [48682] triggerDefinition {"httpsTrigger":{},"name":"api","entryPoint":"api"}
[debug] [2020-03-19T12:37:01.053Z] [runtime-status] [48682] Running api in mode HTTPS
[debug] [2020-03-19T12:37:01.054Z] [runtime-status] [48682] Attempting to listen to socketPath: /var/folders/d2/7ccr_nkj4717rymkbdlqvdhw0000gn/T/fire_emu_48682.sock
[debug] [2020-03-19T12:37:01.054Z] [functions] Runtime ready! Sending request!
[debug] [2020-03-19T12:37:01.057Z] [runtime-status] [48682] Ephemeral server handling POST request
[debug] [2020-03-19T12:37:01.057Z] [runtime-status] [48682] Ephemeral server survived.
[info] i  functions: Finished "api" in ~1s
[debug] [2020-03-19T12:37:01.062Z] [worker-api-fca98115-25d6-4cea-90f4-48f0ec247dfc]: IDLE
[debug] [2020-03-19T12:37:01.062Z] [work-queue] {"queueLength":0,"workRunningCount":0}
[debug] [2020-03-19T12:37:02.297Z] [work-queue] {"queueLength":1,"workRunningCount":0}
[debug] [2020-03-19T12:37:02.297Z] [work-queue] {"queueLength":0,"workRunningCount":1}
[debug] [2020-03-19T12:37:02.297Z] Accepted request POST /dixit-af060/us-central1/api/graphql --> api
[debug] [2020-03-19T12:37:02.297Z] [worker-pool] submitWork(triggerId=api)
[debug] [2020-03-19T12:37:02.297Z] [worker-api-fca98115-25d6-4cea-90f4-48f0ec247dfc]: Assigning socketPath: /var/folders/d2/7ccr_nkj4717rymkbdlqvdhw0000gn/T/fire_emu_48682.sock
[debug] [2020-03-19T12:37:02.297Z] [worker-api-fca98115-25d6-4cea-90f4-48f0ec247dfc]: BUSY
[debug] [2020-03-19T12:37:02.298Z] [runtime-status] [48682] Trigger "api" has been found, beginning invocation!
[info] i  functions: Beginning execution of "api"
[debug] [2020-03-19T12:37:02.298Z] [runtime-status] [48682] triggerDefinition {"httpsTrigger":{},"name":"api","entryPoint":"api"}
[debug] [2020-03-19T12:37:02.299Z] [runtime-status] [48682] Running api in mode HTTPS
[debug] [2020-03-19T12:37:02.299Z] [runtime-status] [48682] Attempting to listen to socketPath: /var/folders/d2/7ccr_nkj4717rymkbdlqvdhw0000gn/T/fire_emu_48682.sock
[debug] [2020-03-19T12:37:02.301Z] [functions] Runtime ready! Sending request!
[debug] [2020-03-19T12:37:02.303Z] [runtime-status] [48682] Ephemeral server handling POST request
[debug] [2020-03-19T12:37:02.303Z] [runtime-status] [48682] Ephemeral server survived.
[info] >  saving game { id: '554e1c20-69de-11ea-a422-197a5413effc' }
[debug] [2020-03-19T12:37:02.577Z] Mar 19, 2020 1:37:02 PM io.gapi.emulators.netty.HttpVersionRoutingHandler channelRead
INFO: Detected HTTP/2 connection.

[debug] [2020-03-19T12:37:03.070Z] [work-queue] {"queueLength":1,"workRunningCount":1}
[debug] [2020-03-19T12:37:03.070Z] [work-queue] {"queueLength":0,"workRunningCount":2}
[debug] [2020-03-19T12:37:03.070Z] Accepted request POST /dixit-af060/us-central1/api/graphql --> api
[debug] [2020-03-19T12:37:03.076Z] [worker-pool] addWorker(api)
[debug] [2020-03-19T12:37:03.076Z] [worker-pool] Adding worker with key api, total=2
[debug] [2020-03-19T12:37:03.076Z] [worker-pool] submitWork(triggerId=api)
[debug] [2020-03-19T12:37:03.076Z] [worker-api-87bd9780-65b6-4980-9eb3-a1aa07291da7]: Assigning socketPath: /var/folders/d2/7ccr_nkj4717rymkbdlqvdhw0000gn/T/fire_emu_48691.sock
[debug] [2020-03-19T12:37:03.076Z] [worker-api-87bd9780-65b6-4980-9eb3-a1aa07291da7]: BUSY
[info] i  functions: Finished "api" in ~1s
[debug] [2020-03-19T12:37:03.445Z] [worker-api-fca98115-25d6-4cea-90f4-48f0ec247dfc]: IDLE
[debug] [2020-03-19T12:37:03.445Z] [work-queue] {"queueLength":0,"workRunningCount":1}
[debug] [2020-03-19T12:37:03.560Z] [runtime-status] [48691] Functions runtime initialized. {"cwd":"/Users/pierre/Repositories/dixitonline/functions","node_version":"10.18.1"}
[debug] [2020-03-19T12:37:03.564Z] [runtime-status] [48691] Disabled runtime features: undefined
[debug] [2020-03-19T12:37:03.567Z] [runtime-status] [48691] Resolved module firebase-admin {"declared":true,"installed":true,"version":"8.10.0","resolution":"/Users/pierre/Repositories/dixitonline/functions/node_modules/firebase-admin/lib/index.js"}
[debug] [2020-03-19T12:37:03.571Z] [runtime-status] [48691] Resolved module firebase-functions {"declared":true,"installed":true,"version":"3.3.0","resolution":"/Users/pierre/Repositories/dixitonline/functions/node_modules/firebase-functions/lib/index.js"}
[debug] [2020-03-19T12:37:03.833Z] [runtime-status] [48691] Found google-gax at /Users/pierre/Repositories/dixitonline/functions/node_modules/google-gax/build/src/index.js
[debug] [2020-03-19T12:37:03.833Z] [runtime-status] [48691] Outgoing network have been stubbed. [{"name":"http","status":"mocked"},{"name":"http","status":"mocked"},{"name":"https","status":"mocked"},{"name":"https","status":"mocked"},{"name":"net","status":"mocked"},{"name":"google-gax","status":"mocked"}]
[debug] [2020-03-19T12:37:03.886Z] [runtime-status] [48691] Checked functions.config() {"config":{}}
[debug] [2020-03-19T12:37:03.887Z] [runtime-status] [48691] Resolved module firebase-functions {"declared":true,"installed":true,"version":"3.3.0","resolution":"/Users/pierre/Repositories/dixitonline/functions/node_modules/firebase-functions/lib/index.js"}
[debug] [2020-03-19T12:37:03.890Z] [runtime-status] [48691] Resolved module firebase-admin {"declared":true,"installed":true,"version":"8.10.0","resolution":"/Users/pierre/Repositories/dixitonline/functions/node_modules/firebase-admin/lib/index.js"}
[debug] [2020-03-19T12:37:03.890Z] [runtime-status] [48691] Resolved module firebase-functions {"declared":true,"installed":true,"version":"3.3.0","resolution":"/Users/pierre/Repositories/dixitonline/functions/node_modules/firebase-functions/lib/index.js"}
[debug] [2020-03-19T12:37:03.929Z] [runtime-status] [48691] firebase-admin has been stubbed. {"adminResolution":{"declared":true,"installed":true,"version":"8.10.0","resolution":"/Users/pierre/Repositories/dixitonline/functions/node_modules/firebase-admin/lib/index.js"}}
[debug] [2020-03-19T12:37:04.316Z] [runtime-status] [48691] initializeApp(DEFAULT) {"databaseURL":"https://dixit-af060.firebaseio.com","storageBucket":"dixit-af060.appspot.com","projectId":"dixit-af060"}
[debug] [2020-03-19T12:37:04.373Z] [set-firestore-settings]  {"projectId":"dixit-af060","port":8080,"servicePath":"localhost","service":"firestore.googleapis.com","sslCreds":{"callCredentials":{}},"customHeaders":{"Authorization":"Bearer owner"}}
[debug] [2020-03-19T12:37:04.405Z] [runtime-status] [48691] Trigger "api" has been found, beginning invocation!
[info] i  functions: Beginning execution of "api"
[debug] [2020-03-19T12:37:04.405Z] [runtime-status] [48691] triggerDefinition {"httpsTrigger":{},"name":"api","entryPoint":"api"}
[debug] [2020-03-19T12:37:04.405Z] [runtime-status] [48691] Running api in mode HTTPS
[debug] [2020-03-19T12:37:04.409Z] [runtime-status] [48691] Attempting to listen to socketPath: /var/folders/d2/7ccr_nkj4717rymkbdlqvdhw0000gn/T/fire_emu_48691.sock
[debug] [2020-03-19T12:37:04.419Z] [functions] Runtime ready! Sending request!
[debug] [2020-03-19T12:37:04.439Z] [runtime-status] [48691] Ephemeral server handling POST request
[debug] [2020-03-19T12:37:04.446Z] [runtime-status] [48691] Ephemeral server survived.
[info] i  functions: Finished "api" in ~1s
[debug] [2020-03-19T12:37:04.473Z] [worker-api-87bd9780-65b6-4980-9eb3-a1aa07291da7]: IDLE
[debug] [2020-03-19T12:37:04.473Z] [work-queue] {"queueLength":0,"workRunningCount":0}
[debug] [2020-03-19T12:37:06.477Z] [work-queue] {"queueLength":1,"workRunningCount":0}
[debug] [2020-03-19T12:37:06.477Z] [work-queue] {"queueLength":0,"workRunningCount":1}
[debug] [2020-03-19T12:37:06.477Z] Accepted request POST /dixit-af060/us-central1/api/graphql --> api
[debug] [2020-03-19T12:37:06.477Z] [worker-pool] submitWork(triggerId=api)
[debug] [2020-03-19T12:37:06.477Z] [worker-api-fca98115-25d6-4cea-90f4-48f0ec247dfc]: Assigning socketPath: /var/folders/d2/7ccr_nkj4717rymkbdlqvdhw0000gn/T/fire_emu_48682.sock
[debug] [2020-03-19T12:37:06.477Z] [worker-api-fca98115-25d6-4cea-90f4-48f0ec247dfc]: BUSY
[debug] [2020-03-19T12:37:06.478Z] [runtime-status] [48682] Trigger "api" has been found, beginning invocation!
[info] i  functions: Beginning execution of "api"
[debug] [2020-03-19T12:37:06.478Z] [runtime-status] [48682] triggerDefinition {"httpsTrigger":{},"name":"api","entryPoint":"api"}
[debug] [2020-03-19T12:37:06.478Z] [runtime-status] [48682] Running api in mode HTTPS
[debug] [2020-03-19T12:37:06.478Z] [runtime-status] [48682] Attempting to listen to socketPath: /var/folders/d2/7ccr_nkj4717rymkbdlqvdhw0000gn/T/fire_emu_48682.sock
[debug] [2020-03-19T12:37:06.482Z] [functions] Runtime ready! Sending request!
[debug] [2020-03-19T12:37:06.486Z] [runtime-status] [48682] Ephemeral server handling POST request
[debug] [2020-03-19T12:37:06.489Z] [runtime-status] [48682] Ephemeral server survived.
[info] i  functions: Finished "api" in ~1s
[debug] [2020-03-19T12:37:06.494Z] [worker-api-fca98115-25d6-4cea-90f4-48f0ec247dfc]: IDLE
[debug] [2020-03-19T12:37:06.494Z] [work-queue] {"queueLength":0,"workRunningCount":0}
[debug] [2020-03-19T12:37:07.682Z] [work-queue] {"queueLength":1,"workRunningCount":0}
[debug] [2020-03-19T12:37:07.682Z] [work-queue] {"queueLength":0,"workRunningCount":1}
[debug] [2020-03-19T12:37:07.682Z] Accepted request POST /dixit-af060/us-central1/api/graphql --> api
[debug] [2020-03-19T12:37:07.682Z] [worker-pool] submitWork(triggerId=api)
[debug] [2020-03-19T12:37:07.682Z] [worker-api-fca98115-25d6-4cea-90f4-48f0ec247dfc]: Assigning socketPath: /var/folders/d2/7ccr_nkj4717rymkbdlqvdhw0000gn/T/fire_emu_48682.sock
[debug] [2020-03-19T12:37:07.682Z] [worker-api-fca98115-25d6-4cea-90f4-48f0ec247dfc]: BUSY
[debug] [2020-03-19T12:37:07.683Z] [runtime-status] [48682] Trigger "api" has been found, beginning invocation!
[info] i  functions: Beginning execution of "api"
[debug] [2020-03-19T12:37:07.683Z] [runtime-status] [48682] triggerDefinition {"httpsTrigger":{},"name":"api","entryPoint":"api"}
[debug] [2020-03-19T12:37:07.683Z] [runtime-status] [48682] Running api in mode HTTPS
[debug] [2020-03-19T12:37:07.683Z] [runtime-status] [48682] Attempting to listen to socketPath: /var/folders/d2/7ccr_nkj4717rymkbdlqvdhw0000gn/T/fire_emu_48682.sock
[debug] [2020-03-19T12:37:07.685Z] [functions] Runtime ready! Sending request!
[debug] [2020-03-19T12:37:07.689Z] [runtime-status] [48682] Ephemeral server handling POST request
[debug] [2020-03-19T12:37:07.689Z] [runtime-status] [48682] Ephemeral server survived.
[info] i  functions: Finished "api" in ~1s
[debug] [2020-03-19T12:37:07.782Z] [worker-api-fca98115-25d6-4cea-90f4-48f0ec247dfc]: IDLE
[debug] [2020-03-19T12:37:07.782Z] [work-queue] {"queueLength":0,"workRunningCount":0}
[debug] [2020-03-19T12:37:08.500Z] [work-queue] {"queueLength":1,"workRunningCount":0}
[debug] [2020-03-19T12:37:08.501Z] [work-queue] {"queueLength":0,"workRunningCount":1}
[debug] [2020-03-19T12:37:08.501Z] Accepted request POST /dixit-af060/us-central1/api/graphql --> api
[debug] [2020-03-19T12:37:08.501Z] [worker-pool] submitWork(triggerId=api)
[debug] [2020-03-19T12:37:08.501Z] [worker-api-fca98115-25d6-4cea-90f4-48f0ec247dfc]: Assigning socketPath: /var/folders/d2/7ccr_nkj4717rymkbdlqvdhw0000gn/T/fire_emu_48682.sock
[debug] [2020-03-19T12:37:08.501Z] [worker-api-fca98115-25d6-4cea-90f4-48f0ec247dfc]: BUSY
[debug] [2020-03-19T12:37:08.502Z] [runtime-status] [48682] Trigger "api" has been found, beginning invocation!
[info] i  functions: Beginning execution of "api"
[debug] [2020-03-19T12:37:08.502Z] [runtime-status] [48682] triggerDefinition {"httpsTrigger":{},"name":"api","entryPoint":"api"}
[debug] [2020-03-19T12:37:08.502Z] [runtime-status] [48682] Running api in mode HTTPS
[debug] [2020-03-19T12:37:08.502Z] [runtime-status] [48682] Attempting to listen to socketPath: /var/folders/d2/7ccr_nkj4717rymkbdlqvdhw0000gn/T/fire_emu_48682.sock
[debug] [2020-03-19T12:37:08.504Z] [functions] Runtime ready! Sending request!
[debug] [2020-03-19T12:37:08.506Z] [runtime-status] [48682] Ephemeral server handling POST request
[debug] [2020-03-19T12:37:08.506Z] [runtime-status] [48682] Ephemeral server survived.
[info] i  functions: Finished "api" in ~1s
[debug] [2020-03-19T12:37:08.512Z] [worker-api-fca98115-25d6-4cea-90f4-48f0ec247dfc]: IDLE
[debug] [2020-03-19T12:37:08.512Z] [work-queue] {"queueLength":0,"workRunningCount":0}
[debug] [2020-03-19T12:37:10.518Z] [work-queue] {"queueLength":1,"workRunningCount":0}
[debug] [2020-03-19T12:37:10.518Z] [work-queue] {"queueLength":0,"workRunningCount":1}
[debug] [2020-03-19T12:37:10.518Z] Accepted request POST /dixit-af060/us-central1/api/graphql --> api
[debug] [2020-03-19T12:37:10.518Z] [worker-pool] submitWork(triggerId=api)
[debug] [2020-03-19T12:37:10.518Z] [worker-api-fca98115-25d6-4cea-90f4-48f0ec247dfc]: Assigning socketPath: /var/folders/d2/7ccr_nkj4717rymkbdlqvdhw0000gn/T/fire_emu_48682.sock
[debug] [2020-03-19T12:37:10.518Z] [worker-api-fca98115-25d6-4cea-90f4-48f0ec247dfc]: BUSY
[debug] [2020-03-19T12:37:10.519Z] [runtime-status] [48682] Trigger "api" has been found, beginning invocation!
[info] i  functions: Beginning execution of "api"
[debug] [2020-03-19T12:37:10.519Z] [runtime-status] [48682] triggerDefinition {"httpsTrigger":{},"name":"api","entryPoint":"api"}
[debug] [2020-03-19T12:37:10.519Z] [runtime-status] [48682] Running api in mode HTTPS
[debug] [2020-03-19T12:37:10.520Z] [runtime-status] [48682] Attempting to listen to socketPath: /var/folders/d2/7ccr_nkj4717rymkbdlqvdhw0000gn/T/fire_emu_48682.sock
[debug] [2020-03-19T12:37:10.521Z] [functions] Runtime ready! Sending request!
[debug] [2020-03-19T12:37:10.523Z] [runtime-status] [48682] Ephemeral server handling POST request
[debug] [2020-03-19T12:37:10.523Z] [runtime-status] [48682] Ephemeral server survived.
[info] i  functions: Finished "api" in ~1s
[debug] [2020-03-19T12:37:10.529Z] [worker-api-fca98115-25d6-4cea-90f4-48f0ec247dfc]: IDLE
[debug] [2020-03-19T12:37:10.529Z] [work-queue] {"queueLength":0,"workRunningCount":0}
[debug] [2020-03-19T12:37:12.537Z] [work-queue] {"queueLength":1,"workRunningCount":0}
[debug] [2020-03-19T12:37:12.537Z] [work-queue] {"queueLength":0,"workRunningCount":1}
[debug] [2020-03-19T12:37:12.537Z] Accepted request POST /dixit-af060/us-central1/api/graphql --> api
[debug] [2020-03-19T12:37:12.537Z] [worker-pool] submitWork(triggerId=api)
[debug] [2020-03-19T12:37:12.537Z] [worker-api-fca98115-25d6-4cea-90f4-48f0ec247dfc]: Assigning socketPath: /var/folders/d2/7ccr_nkj4717rymkbdlqvdhw0000gn/T/fire_emu_48682.sock
[debug] [2020-03-19T12:37:12.537Z] [worker-api-fca98115-25d6-4cea-90f4-48f0ec247dfc]: BUSY
[debug] [2020-03-19T12:37:12.537Z] [runtime-status] [48682] Trigger "api" has been found, beginning invocation!
[info] i  functions: Beginning execution of "api"
[debug] [2020-03-19T12:37:12.538Z] [runtime-status] [48682] triggerDefinition {"httpsTrigger":{},"name":"api","entryPoint":"api"}
[debug] [2020-03-19T12:37:12.538Z] [runtime-status] [48682] Running api in mode HTTPS
[debug] [2020-03-19T12:37:12.538Z] [runtime-status] [48682] Attempting to listen to socketPath: /var/folders/d2/7ccr_nkj4717rymkbdlqvdhw0000gn/T/fire_emu_48682.sock
[debug] [2020-03-19T12:37:12.539Z] [functions] Runtime ready! Sending request!
[debug] [2020-03-19T12:37:12.540Z] [runtime-status] [48682] Ephemeral server handling POST request
[debug] [2020-03-19T12:37:12.541Z] [runtime-status] [48682] Ephemeral server survived.
[info] i  functions: Finished "api" in ~1s
[debug] [2020-03-19T12:37:12.546Z] [worker-api-fca98115-25d6-4cea-90f4-48f0ec247dfc]: IDLE
[debug] [2020-03-19T12:37:12.546Z] [work-queue] {"queueLength":0,"workRunningCount":0}
[debug] [2020-03-19T12:37:14.554Z] [work-queue] {"queueLength":1,"workRunningCount":0}
[debug] [2020-03-19T12:37:14.554Z] [work-queue] {"queueLength":0,"workRunningCount":1}
[debug] [2020-03-19T12:37:14.554Z] Accepted request POST /dixit-af060/us-central1/api/graphql --> api
[debug] [2020-03-19T12:37:14.555Z] [worker-pool] submitWork(triggerId=api)
[debug] [2020-03-19T12:37:14.555Z] [worker-api-fca98115-25d6-4cea-90f4-48f0ec247dfc]: Assigning socketPath: /var/folders/d2/7ccr_nkj4717rymkbdlqvdhw0000gn/T/fire_emu_48682.sock
[debug] [2020-03-19T12:37:14.555Z] [worker-api-fca98115-25d6-4cea-90f4-48f0ec247dfc]: BUSY
[debug] [2020-03-19T12:37:14.555Z] [runtime-status] [48682] Trigger "api" has been found, beginning invocation!
[info] i  functions: Beginning execution of "api"
[debug] [2020-03-19T12:37:14.556Z] [runtime-status] [48682] triggerDefinition {"httpsTrigger":{},"name":"api","entryPoint":"api"}
[debug] [2020-03-19T12:37:14.556Z] [runtime-status] [48682] Running api in mode HTTPS
[debug] [2020-03-19T12:37:14.556Z] [runtime-status] [48682] Attempting to listen to socketPath: /var/folders/d2/7ccr_nkj4717rymkbdlqvdhw0000gn/T/fire_emu_48682.sock
[debug] [2020-03-19T12:37:14.557Z] [functions] Runtime ready! Sending request!
[debug] [2020-03-19T12:37:14.559Z] [runtime-status] [48682] Ephemeral server handling POST request
[debug] [2020-03-19T12:37:14.559Z] [runtime-status] [48682] Ephemeral server survived.
[info] i  functions: Finished "api" in ~1s
[debug] [2020-03-19T12:37:14.564Z] [worker-api-fca98115-25d6-4cea-90f4-48f0ec247dfc]: IDLE
[debug] [2020-03-19T12:37:14.564Z] [work-queue] {"queueLength":0,"workRunningCount":0}
[debug] [2020-03-19T12:37:16.572Z] [work-queue] {"queueLength":1,"workRunningCount":0}
[debug] [2020-03-19T12:37:16.572Z] [work-queue] {"queueLength":0,"workRunningCount":1}
[debug] [2020-03-19T12:37:16.572Z] Accepted request POST /dixit-af060/us-central1/api/graphql --> api
[debug] [2020-03-19T12:37:16.572Z] [worker-pool] submitWork(triggerId=api)
[debug] [2020-03-19T12:37:16.572Z] [worker-api-fca98115-25d6-4cea-90f4-48f0ec247dfc]: Assigning socketPath: /var/folders/d2/7ccr_nkj4717rymkbdlqvdhw0000gn/T/fire_emu_48682.sock
[debug] [2020-03-19T12:37:16.572Z] [worker-api-fca98115-25d6-4cea-90f4-48f0ec247dfc]: BUSY
[debug] [2020-03-19T12:37:16.572Z] [runtime-status] [48682] Trigger "api" has been found, beginning invocation!
[info] i  functions: Beginning execution of "api"
[debug] [2020-03-19T12:37:16.573Z] [runtime-status] [48682] triggerDefinition {"httpsTrigger":{},"name":"api","entryPoint":"api"}
[debug] [2020-03-19T12:37:16.573Z] [runtime-status] [48682] Running api in mode HTTPS
[debug] [2020-03-19T12:37:16.573Z] [runtime-status] [48682] Attempting to listen to socketPath: /var/folders/d2/7ccr_nkj4717rymkbdlqvdhw0000gn/T/fire_emu_48682.sock
[debug] [2020-03-19T12:37:16.574Z] [functions] Runtime ready! Sending request!
[debug] [2020-03-19T12:37:16.576Z] [runtime-status] [48682] Ephemeral server handling POST request
[debug] [2020-03-19T12:37:16.576Z] [runtime-status] [48682] Ephemeral server survived.
[info] i  functions: Finished "api" in ~1s
[debug] [2020-03-19T12:37:16.581Z] [worker-api-fca98115-25d6-4cea-90f4-48f0ec247dfc]: IDLE
[debug] [2020-03-19T12:37:16.581Z] [work-queue] {"queueLength":0,"workRunningCount":0}
[debug] [2020-03-19T12:37:18.587Z] [work-queue] {"queueLength":1,"workRunningCount":0}
[debug] [2020-03-19T12:37:18.587Z] [work-queue] {"queueLength":0,"workRunningCount":1}
[debug] [2020-03-19T12:37:18.587Z] Accepted request POST /dixit-af060/us-central1/api/graphql --> api
[debug] [2020-03-19T12:37:18.588Z] [worker-pool] submitWork(triggerId=api)
[debug] [2020-03-19T12:37:18.588Z] [worker-api-fca98115-25d6-4cea-90f4-48f0ec247dfc]: Assigning socketPath: /var/folders/d2/7ccr_nkj4717rymkbdlqvdhw0000gn/T/fire_emu_48682.sock
[debug] [2020-03-19T12:37:18.588Z] [worker-api-fca98115-25d6-4cea-90f4-48f0ec247dfc]: BUSY
[debug] [2020-03-19T12:37:18.588Z] [runtime-status] [48682] Trigger "api" has been found, beginning invocation!
[info] i  functions: Beginning execution of "api"
[debug] [2020-03-19T12:37:18.588Z] [runtime-status] [48682] triggerDefinition {"httpsTrigger":{},"name":"api","entryPoint":"api"}
[debug] [2020-03-19T12:37:18.589Z] [runtime-status] [48682] Running api in mode HTTPS
[debug] [2020-03-19T12:37:18.589Z] [runtime-status] [48682] Attempting to listen to socketPath: /var/folders/d2/7ccr_nkj4717rymkbdlqvdhw0000gn/T/fire_emu_48682.sock
[debug] [2020-03-19T12:37:18.590Z] [functions] Runtime ready! Sending request!
[debug] [2020-03-19T12:37:18.593Z] [runtime-status] [48682] Ephemeral server handling POST request
[debug] [2020-03-19T12:37:18.593Z] [runtime-status] [48682] Ephemeral server survived.
[info] i  functions: Finished "api" in ~1s
[debug] [2020-03-19T12:37:18.598Z] [worker-api-fca98115-25d6-4cea-90f4-48f0ec247dfc]: IDLE
[debug] [2020-03-19T12:37:18.598Z] [work-queue] {"queueLength":0,"workRunningCount":0}
