[debug] [2020-03-18T22:56:17.088Z] ----------------------------------------------------------------------
[debug] [2020-03-18T22:56:17.090Z] Command:       /usr/local/bin/node /Users/pierre/Repositories/dixitonline/node_modules/.bin/firebase emulators:start --only firestore
[debug] [2020-03-18T22:56:17.090Z] CLI Version:   7.15.1
[debug] [2020-03-18T22:56:17.090Z] Platform:      darwin
[debug] [2020-03-18T22:56:17.090Z] Node Version:  v10.18.1
[debug] [2020-03-18T22:56:17.091Z] Time:          Wed Mar 18 2020 23:56:17 GMT+0100 (GMT+01:00)
[debug] [2020-03-18T22:56:17.091Z] ----------------------------------------------------------------------
[debug] [2020-03-18T22:56:17.091Z] 
[debug] [2020-03-18T22:56:17.098Z] > command requires scopes: ["email","openid","https://www.googleapis.com/auth/cloudplatformprojects.readonly","https://www.googleapis.com/auth/firebase","https://www.googleapis.com/auth/cloud-platform"]
[debug] [2020-03-18T22:56:17.098Z] > authorizing via signed-in user
[info] i  emulators: Starting emulators: firestore
[warn] ⚠  emulators: emulator hub unable to start on port 4400, starting on 4401
[warn] ⚠  emulators: It seems that you are running multiple instances of the emulator suite for project dixit-af060. This may result in unexpected behavior.
[debug] [2020-03-18T22:56:17.159Z] [hub] writing locator at /var/folders/d2/7ccr_nkj4717rymkbdlqvdhw0000gn/T/hub-dixit-af060.json
[info] ✔  hub: emulator hub started at http://localhost:4401
[info] i  firestore: Serving ALL traffic (including WebChannel) on http://localhost:8080
[warn] ⚠  firestore: Support for WebChannel on a separate port (8081) is DEPRECATED and will go away soon. Please use port above instead.
[debug] [2020-03-18T22:56:17.173Z] Ignoring unsupported arg: projectId
[debug] [2020-03-18T22:56:17.174Z] Ignoring unsupported arg: auto_download
[debug] [2020-03-18T22:56:17.174Z] Starting firestore emulator with command {"binary":"java","args":["-Duser.language=en","-jar","/Users/pierre/.cache/firebase/emulators/cloud-firestore-emulator-v1.11.1.jar","--host","localhost","--port",8080,"--rules","/Users/pierre/Repositories/dixitonline/firestore.rules","--webchannel_port",8081],"optionalArgs":["port","webchannel_port","host","rules","functions_emulator","seed_from_export"],"joinArgs":false}
[info] i  firestore: firestore emulator logging to firestore-debug.log
[debug] [2020-03-18T22:56:18.064Z] API endpoint: http://localhost:
[debug] [2020-03-18T22:56:18.065Z] 8080
If you are using a library that supports the FIRESTORE_EMULATOR_HOST environment variable, run:

   export FIRESTORE_EMULATOR_HOST=localhost:8080

Dev App Server is now running.


[info] ✔  firestore: firestore emulator started at http://localhost:8080
[info] i  firestore: For testing set FIRESTORE_EMULATOR_HOST=localhost:8080
[info] ✔  emulators: All emulators started, it is now safe to connect.
[debug] [2020-03-18T22:56:33.657Z] Mar 18, 2020 11:56:33 PM io.gapi.emulators.netty.HttpVersionRoutingHandler channelRead
INFO: Detected HTTP/2 connection.

[debug] [2020-03-18T22:56:47.144Z] Mar 18, 2020 11:56:47 PM io.gapi.emulators.netty.HttpVersionRoutingHandler channelRead
INFO: Detected HTTP/2 connection.

[debug] [2020-03-18T22:57:20.605Z] Mar 18, 2020 11:57:20 PM io.gapi.emulators.netty.HttpVersionRoutingHandler channelRead
INFO: Detected HTTP/2 connection.

[debug] [2020-03-18T22:57:39.833Z] Mar 18, 2020 11:57:39 PM io.gapi.emulators.netty.HttpVersionRoutingHandler channelRead
INFO: Detected HTTP/2 connection.

[debug] [2020-03-18T22:58:23.156Z] Mar 18, 2020 11:58:23 PM io.gapi.emulators.netty.HttpVersionRoutingHandler channelRead
INFO: Detected HTTP/2 connection.

[debug] [2020-03-18T22:58:41.071Z] Mar 18, 2020 11:58:41 PM io.gapi.emulators.netty.HttpVersionRoutingHandler channelRead
INFO: Detected HTTP/2 connection.

[debug] [2020-03-18T22:59:24.900Z] Mar 18, 2020 11:59:24 PM io.gapi.emulators.netty.HttpVersionRoutingHandler channelRead
INFO: Detected HTTP/2 connection.

[debug] [2020-03-18T23:12:47.784Z] Mar 19, 2020 12:12:47 AM io.gapi.emulators.netty.HttpVersionRoutingHandler channelRead
INFO: Detected HTTP/2 connection.

[debug] [2020-03-18T23:13:11.437Z] Mar 19, 2020 12:13:11 AM io.gapi.emulators.netty.HttpVersionRoutingHandler channelRead
INFO: Detected HTTP/2 connection.

[debug] [2020-03-18T23:13:55.463Z] Mar 19, 2020 12:13:55 AM io.gapi.emulators.netty.HttpVersionRoutingHandler channelRead
INFO: Detected HTTP/2 connection.

[debug] [2020-03-18T23:14:47.404Z] Mar 19, 2020 12:14:47 AM io.gapi.emulators.netty.HttpVersionRoutingHandler channelRead
INFO: Detected HTTP/2 connection.

[debug] [2020-03-18T23:15:29.988Z] Mar 19, 2020 12:15:29 AM io.gapi.emulators.netty.HttpVersionRoutingHandler channelRead
INFO: Detected HTTP/2 connection.

[debug] [2020-03-18T23:15:49.095Z] Mar 19, 2020 12:15:49 AM io.gapi.emulators.netty.HttpVersionRoutingHandler channelRead
INFO: Detected HTTP/2 connection.

[debug] [2020-03-18T23:25:32.304Z] ----------------------------------------------------------------------
[debug] [2020-03-18T23:25:32.307Z] Command:       /usr/local/bin/node /Users/pierre/Repositories/dixitonline/node_modules/.bin/firebase emulators:start --only firestore
[debug] [2020-03-18T23:25:32.307Z] CLI Version:   7.15.1
[debug] [2020-03-18T23:25:32.307Z] Platform:      darwin
[debug] [2020-03-18T23:25:32.308Z] Node Version:  v10.18.1
[debug] [2020-03-18T23:25:32.309Z] Time:          Thu Mar 19 2020 00:25:32 GMT+0100 (GMT+01:00)
[debug] [2020-03-18T23:25:32.309Z] ----------------------------------------------------------------------
[debug] [2020-03-18T23:25:32.309Z] 
[debug] [2020-03-18T23:25:32.322Z] > command requires scopes: ["email","openid","https://www.googleapis.com/auth/cloudplatformprojects.readonly","https://www.googleapis.com/auth/firebase","https://www.googleapis.com/auth/cloud-platform"]
[debug] [2020-03-18T23:25:32.323Z] > authorizing via signed-in user
[info] i  emulators: Starting emulators: firestore
[warn] ⚠  emulators: emulator hub unable to start on port 4400, starting on 4401
[warn] ⚠  emulators: It seems that you are running multiple instances of the emulator suite for project dixit-af060. This may result in unexpected behavior.
[debug] [2020-03-18T23:25:32.395Z] [hub] writing locator at /var/folders/d2/7ccr_nkj4717rymkbdlqvdhw0000gn/T/hub-dixit-af060.json
[info] ✔  hub: emulator hub started at http://localhost:4401
[info] i  firestore: Serving ALL traffic (including WebChannel) on http://localhost:8080
[warn] ⚠  firestore: Support for WebChannel on a separate port (8081) is DEPRECATED and will go away soon. Please use port above instead.
[debug] [2020-03-18T23:25:32.410Z] Ignoring unsupported arg: projectId
[debug] [2020-03-18T23:25:32.410Z] Ignoring unsupported arg: auto_download
[debug] [2020-03-18T23:25:32.410Z] Starting firestore emulator with command {"binary":"java","args":["-Duser.language=en","-jar","/Users/pierre/.cache/firebase/emulators/cloud-firestore-emulator-v1.11.1.jar","--host","localhost","--port",8080,"--rules","/Users/pierre/Repositories/dixitonline/firestore.rules","--webchannel_port",8081],"optionalArgs":["port","webchannel_port","host","rules","functions_emulator","seed_from_export"],"joinArgs":false}
[info] i  firestore: firestore emulator logging to firestore-debug.log
[debug] [2020-03-18T23:25:34.106Z] API endpoint: http://
[debug] [2020-03-18T23:25:34.106Z] localhost:8080
If you are using a library that supports the FIRESTORE_EMULATOR_HOST environment variable, run:

   export FIRESTORE_EMULATOR_HOST=localhost:8080

Dev App Server is now running.


[info] ✔  firestore: firestore emulator started at http://localhost:8080
[info] i  firestore: For testing set FIRESTORE_EMULATOR_HOST=localhost:8080
[info] ✔  emulators: All emulators started, it is now safe to connect.
[debug] [2020-03-18T23:25:44.126Z] Mar 19, 2020 12:25:44 AM io.gapi.emulators.netty.HttpVersionRoutingHandler channelRead
INFO: Detected HTTP/2 connection.

[debug] [2020-03-18T23:26:48.297Z] Mar 19, 2020 12:26:48 AM io.gapi.emulators.netty.HttpVersionRoutingHandler channelRead
INFO: Detected HTTP/2 connection.

[debug] [2020-03-19T08:24:01.148Z] Mar 19, 2020 9:24:01 AM io.gapi.emulators.netty.HttpVersionRoutingHandler channelRead
INFO: Detected HTTP/2 connection.

[debug] [2020-03-19T08:24:13.404Z] Mar 19, 2020 9:24:13 AM io.gapi.emulators.netty.HttpVersionRoutingHandler channelRead
INFO: Detected HTTP/2 connection.

[debug] [2020-03-19T08:24:31.481Z] Mar 19, 2020 9:24:31 AM io.gapi.emulators.netty.HttpVersionRoutingHandler channelRead
INFO: Detected HTTP/2 connection.

